#
# There is insufficient memory for the Java Runtime Environment to continue.
# Native memory allocation (malloc) failed to allocate 2327536 bytes for Chunk::new
# Possible reasons:
#   The system is out of physical RAM or swap space
#   The process is running with CompressedOops enabled, and the Java Heap may be blocking the growth of the native heap
# Possible solutions:
#   Reduce memory load on the system
#   Increase physical memory or swap space
#   Check if swap backing store is full
#   Decrease Java heap size (-Xmx/-Xms)
#   Decrease number of Java threads
#   Decrease Java thread stack sizes (-Xss)
#   Set larger code cache with -XX:ReservedCodeCacheSize=
#   JVM is running with Unscaled Compressed Oops mode in which the Java heap is
#     placed in the first 4GB address space. The Java Heap base address is the
#     maximum limit for the native heap growth. Please use -XX:HeapBaseMinAddress
#     to set the Java Heap base and to place the Java Heap above 4GB virtual address.
# This output file may be truncated or incomplete.
#
#  Out of Memory Error (./src/hotspot/share/memory/arena.cpp:197), pid=15520, tid=7644
#
# JRE version: OpenJDK Runtime Environment (11.0.10) (build 11.0.10+0-b96-7249189)
# Java VM: OpenJDK 64-Bit Server VM (11.0.10+0-b96-7249189, mixed mode, tiered, compressed oops, g1 gc, windows-amd64)
# No core dump will be written. Minidumps are not enabled by default on client versions of Windows
#

---------------  S U M M A R Y ------------

Command Line: --add-opens=java.base/java.util=ALL-UNNAMED --add-opens=java.base/java.lang=ALL-UNNAMED --add-opens=java.base/java.lang.invoke=ALL-UNNAMED --add-opens=java.prefs/java.util.prefs=ALL-UNNAMED -Xmx2048m -Dfile.encoding=UTF-8 -Duser.country=CN -Duser.language=zh -Duser.variant org.gradle.launcher.daemon.bootstrap.GradleDaemon 6.5

Host: AMD Ryzen 7 4800U with Radeon Graphics         , 16 cores, 11G,  Windows 10 , 64 bit Build 19041 (10.0.19041.1202)
Time: Mon Nov  1 18:39:40 2021 中国标准时间 elapsed time: 67.528329 seconds (0d 0h 1m 7s)

---------------  T H R E A D  ---------------

Current thread (0x0000023292c72000):  JavaThread "C2 CompilerThread5" daemon [_thread_in_native, id=7644, stack(0x000000dc24a00000,0x000000dc24b00000)]


Current CompileTask:
C2:  67528 11739   !   4       org.gradle.api.internal.attributes.DefaultImmutableAttributesFactory::doConcatIsolatable (128 bytes)

Stack: [0x000000dc24a00000,0x000000dc24b00000]
Native frames: (J=compiled Java code, j=interpreted, Vv=VM code, C=native code)
V  [jvm.dll+0x5ecfaa]
V  [jvm.dll+0x722bd5]
V  [jvm.dll+0x72412d]
V  [jvm.dll+0x7247e3]
V  [jvm.dll+0x242928]
V  [jvm.dll+0xbc4fc]
V  [jvm.dll+0xbca0c]
V  [jvm.dll+0x352d7d]
V  [jvm.dll+0x320ad3]
V  [jvm.dll+0x31ffca]
V  [jvm.dll+0x1fb602]
V  [jvm.dll+0x1fa7f4]
V  [jvm.dll+0x18354c]
V  [jvm.dll+0x208ee7]
V  [jvm.dll+0x207731]
V  [jvm.dll+0x6eb1cf]
V  [jvm.dll+0x6e3d45]
V  [jvm.dll+0x5ebe96]
C  [ucrtbase.dll+0x21bb2]
C  [KERNEL32.DLL+0x17034]
C  [ntdll.dll+0x52651]


---------------  P R O C E S S  ---------------

Threads class SMR info:
_java_thread_list=0x0000023290b3fcd0, length=164, elements={
0x00000232ee025000, 0x00000232fa04d000, 0x00000232fa056800, 0x00000232fa898800,
0x00000232fa89a800, 0x00000232fa89d000, 0x00000232fa8f1800, 0x00000232fa8fd000,
0x00000232fa903800, 0x00000232faa64000, 0x00000232fc42e000, 0x00000232fc0c4000,
0x00000232fc855800, 0x00000232fc2ab800, 0x00000232fc419000, 0x00000232fbfe1800,
0x00000232fbfe3000, 0x00000232fbfe2800, 0x00000232fbfe5800, 0x00000232fd571800,
0x00000232fd572800, 0x00000232fe95b800, 0x00000232fe955800, 0x00000232fe95a000,
0x00000232fe95c000, 0x00000232fe956800, 0x00000232fe95a800, 0x00000232fe95d000,
0x00000232fe957800, 0x00000232fe963800, 0x00000232fe95e000, 0x00000232fe963000,
0x00000232fe95f800, 0x00000232fe964800, 0x00000232fe960800, 0x00000232fe961000,
0x00000232fe95e800, 0x00000232fe962000, 0x00000232fccf2000, 0x00000232fccf4000,
0x00000232fccf4800, 0x00000232fccf1800, 0x00000232fccef000, 0x00000232fccf0800,
0x00000232fccf3000, 0x00000232fccf5800, 0x00000232fccf0000, 0x00000232fccfc000,
0x00000232fccf8000, 0x00000232fccf9000, 0x00000232fccf9800, 0x00000232fccfa800,
0x00000232fccfb000, 0x00000232fccf6800, 0x00000232fccfd000, 0x00000232fccf7000,
0x00000232fccfd800, 0x00000232ff3e8800, 0x00000232ff3e5800, 0x00000232ff3e9800,
0x00000232ff3e6000, 0x00000232ff3ea000, 0x00000232ff3e4800, 0x00000232ff3e7800,
0x00000232ff3eb000, 0x00000232ff3ec000, 0x00000232ff3ec800, 0x00000232ff3e7000,
0x00000232ff3f0800, 0x00000232ff3f1800, 0x00000232ff3f2800, 0x00000232ff3f3000,
0x00000232ff3ed800, 0x00000232ff3f0000, 0x00000232ff3ee000, 0x00000232ff3ef000,
0x00000232fe7b1800, 0x00000232fe7ae800, 0x00000232fe7b2800, 0x00000232fe7b1000,
0x00000232fe7ad800, 0x00000232fe7b0000, 0x00000232fe7af000, 0x00000232fe7ad000,
0x00000232fe7b3800, 0x00000232fe7b8000, 0x00000232fe7b9000, 0x00000232fe7b5000,
0x00000232fe7b6000, 0x00000232fe7ba000, 0x00000232fe7b7800, 0x00000232fe7b4000,
0x00000232fe7ba800, 0x00000232fe7bb800, 0x00000232fe7b6800, 0x0000023290946000,
0x0000023290944800, 0x0000023290940800, 0x0000023290943000, 0x0000023290945000,
0x0000023290943800, 0x0000023290947000, 0x0000023290941000, 0x0000023290947800,
0x0000023290942000, 0x000002329094e000, 0x000002329094c000, 0x0000023290948800,
0x000002329094f000, 0x000002329094d800, 0x000002329094a000, 0x000002329094c800,
0x000002329094b000, 0x0000023295571800, 0x0000023295570800, 0x0000023295570000,
0x0000023295572800, 0x000002329556c800, 0x0000023295573000, 0x000002329556d800,
0x0000023295574000, 0x000002329556e800, 0x00000232fc791800, 0x00000232fa012000,
0x0000023295575000, 0x0000023295575800, 0x0000023295576800, 0x0000023295577000,
0x0000023295578000, 0x000002329557a800, 0x0000023295579800, 0x000002329557b800,
0x0000023295579000, 0x00000232fd571000, 0x00000232fd573800, 0x00000232fd574000,
0x00000232fd56f000, 0x00000232fd577800, 0x00000232fd57a800, 0x00000232fd578000,
0x00000232fd575000, 0x00000232fd57b800, 0x00000232fd57a000, 0x00000232fd575800,
0x00000232fd57c800, 0x00000232fd579000, 0x00000232fd576800, 0x00000232fbfe0000,
0x00000232fbfdf000, 0x00000232fbfe4000, 0x00000232fbfe4800, 0x00000232fbfe0800,
0x00000232fe958000, 0x00000232fe959000, 0x0000023290949800, 0x0000023292c74800,
0x0000023292c75800, 0x0000023292c73800, 0x0000023292c76000, 0x0000023292c73000,
0x0000023292c77000, 0x0000023292c71000, 0x0000023292c78000, 0x0000023292c72000
}

Java Threads: ( => current thread )
  0x00000232ee025000 JavaThread "main" [_thread_blocked, id=20312, stack(0x000000dc19000000,0x000000dc19100000)]
  0x00000232fa04d000 JavaThread "Reference Handler" daemon [_thread_blocked, id=8492, stack(0x000000dc19700000,0x000000dc19800000)]
  0x00000232fa056800 JavaThread "Finalizer" daemon [_thread_blocked, id=11488, stack(0x000000dc19800000,0x000000dc19900000)]
  0x00000232fa898800 JavaThread "Signal Dispatcher" daemon [_thread_blocked, id=16720, stack(0x000000dc19900000,0x000000dc19a00000)]
  0x00000232fa89a800 JavaThread "Attach Listener" daemon [_thread_blocked, id=348, stack(0x000000dc19a00000,0x000000dc19b00000)]
  0x00000232fa89d000 JavaThread "Service Thread" daemon [_thread_blocked, id=20432, stack(0x000000dc19b00000,0x000000dc19c00000)]
  0x00000232fa8f1800 JavaThread "C2 CompilerThread0" daemon [_thread_in_native, id=18104, stack(0x000000dc19c00000,0x000000dc19d00000)]
  0x00000232fa8fd000 JavaThread "C1 CompilerThread0" daemon [_thread_blocked, id=8340, stack(0x000000dc19d00000,0x000000dc19e00000)]
  0x00000232fa903800 JavaThread "Sweeper thread" daemon [_thread_blocked, id=13960, stack(0x000000dc19e00000,0x000000dc19f00000)]
  0x00000232faa64000 JavaThread "Common-Cleaner" daemon [_thread_blocked, id=17888, stack(0x000000dc1a000000,0x000000dc1a100000)]
  0x00000232fc42e000 JavaThread "Daemon health stats" [_thread_blocked, id=18100, stack(0x000000dc1a900000,0x000000dc1aa00000)]
  0x00000232fc0c4000 JavaThread "Incoming local TCP Connector on port 51284" [_thread_in_native, id=2984, stack(0x000000dc1aa00000,0x000000dc1ab00000)]
  0x00000232fc855800 JavaThread "Daemon periodic checks" [_thread_blocked, id=5912, stack(0x000000dc1ab00000,0x000000dc1ac00000)]
  0x00000232fc2ab800 JavaThread "Daemon" [_thread_blocked, id=17728, stack(0x000000dc1ac00000,0x000000dc1ad00000)]
  0x00000232fc419000 JavaThread "Daemon worker" [_thread_blocked, id=9792, stack(0x000000dc1af00000,0x000000dc1b000000)]
  0x00000232fbfe1800 JavaThread "Cache worker for journal cache (D:\Android\androidGradle\caches\journal-1)" [_thread_blocked, id=14572, stack(0x000000dc1b400000,0x000000dc1b500000)]
  0x00000232fbfe3000 JavaThread "File lock request listener" [_thread_in_native, id=7728, stack(0x000000dc1b500000,0x000000dc1b600000)]
  0x00000232fbfe2800 JavaThread "Cache worker for file hash cache (D:\Android\androidGradle\caches\6.5\fileHashes)" [_thread_blocked, id=9232, stack(0x000000dc1c100000,0x000000dc1c200000)]
  0x00000232fbfe5800 JavaThread "Cache worker for execution history cache (D:\Android\androidGradle\caches\6.5\executionHistory)" [_thread_blocked, id=16648, stack(0x000000dc1c700000,0x000000dc1c800000)]
  0x00000232fd571800 JavaThread "jar transforms" [_thread_blocked, id=10324, stack(0x000000dc1c800000,0x000000dc1c900000)]
  0x00000232fd572800 JavaThread "Cache worker for file content cache (D:\Android\androidGradle\caches\6.5\fileContent)" [_thread_blocked, id=14364, stack(0x000000dc1c900000,0x000000dc1ca00000)]
  0x00000232fe95b800 JavaThread "jar transforms Thread 2" [_thread_blocked, id=2560, stack(0x000000dc1db00000,0x000000dc1dc00000)]
  0x00000232fe955800 JavaThread "jar transforms Thread 3" [_thread_blocked, id=10928, stack(0x000000dc1dc00000,0x000000dc1dd00000)]
  0x00000232fe95a000 JavaThread "jar transforms Thread 4" [_thread_blocked, id=12836, stack(0x000000dc1dd00000,0x000000dc1de00000)]
  0x00000232fe95c000 JavaThread "jar transforms Thread 5" [_thread_blocked, id=16028, stack(0x000000dc1de00000,0x000000dc1df00000)]
  0x00000232fe956800 JavaThread "jar transforms Thread 6" [_thread_blocked, id=6152, stack(0x000000dc1df00000,0x000000dc1e000000)]
  0x00000232fe95a800 JavaThread "jar transforms Thread 7" [_thread_blocked, id=6160, stack(0x000000dc1e000000,0x000000dc1e100000)]
  0x00000232fe95d000 JavaThread "jar transforms Thread 8" [_thread_blocked, id=2436, stack(0x000000dc1e100000,0x000000dc1e200000)]
  0x00000232fe957800 JavaThread "jar transforms Thread 9" [_thread_blocked, id=9624, stack(0x000000dc1e200000,0x000000dc1e300000)]
  0x00000232fe963800 JavaThread "jar transforms Thread 10" [_thread_blocked, id=10620, stack(0x000000dc1e300000,0x000000dc1e400000)]
  0x00000232fe95e000 JavaThread "jar transforms Thread 11" [_thread_blocked, id=15112, stack(0x000000dc1e400000,0x000000dc1e500000)]
  0x00000232fe963000 JavaThread "jar transforms Thread 12" [_thread_blocked, id=12596, stack(0x000000dc1e500000,0x000000dc1e600000)]
  0x00000232fe95f800 JavaThread "jar transforms Thread 13" [_thread_blocked, id=11008, stack(0x000000dc1e600000,0x000000dc1e700000)]
  0x00000232fe964800 JavaThread "jar transforms Thread 14" [_thread_blocked, id=17368, stack(0x000000dc1e700000,0x000000dc1e800000)]
  0x00000232fe960800 JavaThread "jar transforms Thread 15" [_thread_blocked, id=8224, stack(0x000000dc1e800000,0x000000dc1e900000)]
  0x00000232fe961000 JavaThread "jar transforms Thread 16" [_thread_blocked, id=6120, stack(0x000000dc1e900000,0x000000dc1ea00000)]
  0x00000232fe95e800 JavaThread "jar transforms Thread 17" [_thread_blocked, id=1600, stack(0x000000dc1ea00000,0x000000dc1eb00000)]
  0x00000232fe962000 JavaThread "jar transforms Thread 18" [_thread_blocked, id=1780, stack(0x000000dc1eb00000,0x000000dc1ec00000)]
  0x00000232fccf2000 JavaThread "jar transforms Thread 19" [_thread_blocked, id=19312, stack(0x000000dc1ec00000,0x000000dc1ed00000)]
  0x00000232fccf4000 JavaThread "jar transforms Thread 20" [_thread_blocked, id=1876, stack(0x000000dc1ed00000,0x000000dc1ee00000)]
  0x00000232fccf4800 JavaThread "jar transforms Thread 21" [_thread_blocked, id=8420, stack(0x000000dc1ee00000,0x000000dc1ef00000)]
  0x00000232fccf1800 JavaThread "jar transforms Thread 22" [_thread_blocked, id=8416, stack(0x000000dc1ef00000,0x000000dc1f000000)]
  0x00000232fccef000 JavaThread "jar transforms Thread 23" [_thread_blocked, id=1524, stack(0x000000dc1f000000,0x000000dc1f100000)]
  0x00000232fccf0800 JavaThread "jar transforms Thread 24" [_thread_blocked, id=10000, stack(0x000000dc1f100000,0x000000dc1f200000)]
  0x00000232fccf3000 JavaThread "jar transforms Thread 25" [_thread_blocked, id=19576, stack(0x000000dc1f200000,0x000000dc1f300000)]
  0x00000232fccf5800 JavaThread "jar transforms Thread 26" [_thread_blocked, id=7916, stack(0x000000dc1f300000,0x000000dc1f400000)]
  0x00000232fccf0000 JavaThread "jar transforms Thread 27" [_thread_blocked, id=15564, stack(0x000000dc1f400000,0x000000dc1f500000)]
  0x00000232fccfc000 JavaThread "jar transforms Thread 28" [_thread_blocked, id=8560, stack(0x000000dc1f500000,0x000000dc1f600000)]
  0x00000232fccf8000 JavaThread "jar transforms Thread 29" [_thread_blocked, id=8488, stack(0x000000dc1f600000,0x000000dc1f700000)]
  0x00000232fccf9000 JavaThread "jar transforms Thread 30" [_thread_blocked, id=8524, stack(0x000000dc1f700000,0x000000dc1f800000)]
  0x00000232fccf9800 JavaThread "jar transforms Thread 31" [_thread_blocked, id=16448, stack(0x000000dc1f800000,0x000000dc1f900000)]
  0x00000232fccfa800 JavaThread "jar transforms Thread 32" [_thread_blocked, id=8260, stack(0x000000dc1f900000,0x000000dc1fa00000)]
  0x00000232fccfb000 JavaThread "jar transforms Thread 33" [_thread_blocked, id=18288, stack(0x000000dc1fa00000,0x000000dc1fb00000)]
  0x00000232fccf6800 JavaThread "jar transforms Thread 34" [_thread_blocked, id=18292, stack(0x000000dc1fb00000,0x000000dc1fc00000)]
  0x00000232fccfd000 JavaThread "jar transforms Thread 35" [_thread_blocked, id=10104, stack(0x000000dc1fc00000,0x000000dc1fd00000)]
  0x00000232fccf7000 JavaThread "jar transforms Thread 36" [_thread_blocked, id=9852, stack(0x000000dc1fd00000,0x000000dc1fe00000)]
  0x00000232fccfd800 JavaThread "jar transforms Thread 37" [_thread_blocked, id=2340, stack(0x000000dc1fe00000,0x000000dc1ff00000)]
  0x00000232ff3e8800 JavaThread "jar transforms Thread 38" [_thread_blocked, id=8596, stack(0x000000dc1ff00000,0x000000dc20000000)]
  0x00000232ff3e5800 JavaThread "jar transforms Thread 39" [_thread_blocked, id=15044, stack(0x000000dc20000000,0x000000dc20100000)]
  0x00000232ff3e9800 JavaThread "jar transforms Thread 40" [_thread_blocked, id=6508, stack(0x000000dc20100000,0x000000dc20200000)]
  0x00000232ff3e6000 JavaThread "jar transforms Thread 41" [_thread_blocked, id=17960, stack(0x000000dc20200000,0x000000dc20300000)]
  0x00000232ff3ea000 JavaThread "jar transforms Thread 42" [_thread_blocked, id=17956, stack(0x000000dc20300000,0x000000dc20400000)]
  0x00000232ff3e4800 JavaThread "jar transforms Thread 43" [_thread_blocked, id=17668, stack(0x000000dc20400000,0x000000dc20500000)]
  0x00000232ff3e7800 JavaThread "jar transforms Thread 44" [_thread_blocked, id=17000, stack(0x000000dc20500000,0x000000dc20600000)]
  0x00000232ff3eb000 JavaThread "jar transforms Thread 45" [_thread_blocked, id=18836, stack(0x000000dc20600000,0x000000dc20700000)]
  0x00000232ff3ec000 JavaThread "jar transforms Thread 46" [_thread_blocked, id=20532, stack(0x000000dc20700000,0x000000dc20800000)]
  0x00000232ff3ec800 JavaThread "jar transforms Thread 47" [_thread_blocked, id=18848, stack(0x000000dc20800000,0x000000dc20900000)]
  0x00000232ff3e7000 JavaThread "jar transforms Thread 48" [_thread_blocked, id=19956, stack(0x000000dc20900000,0x000000dc20a00000)]
  0x00000232ff3f0800 JavaThread "jar transforms Thread 49" [_thread_blocked, id=15348, stack(0x000000dc20a00000,0x000000dc20b00000)]
  0x00000232ff3f1800 JavaThread "jar transforms Thread 50" [_thread_blocked, id=17836, stack(0x000000dc20b00000,0x000000dc20c00000)]
  0x00000232ff3f2800 JavaThread "jar transforms Thread 51" [_thread_blocked, id=20500, stack(0x000000dc20c00000,0x000000dc20d00000)]
  0x00000232ff3f3000 JavaThread "jar transforms Thread 52" [_thread_blocked, id=15180, stack(0x000000dc20d00000,0x000000dc20e00000)]
  0x00000232ff3ed800 JavaThread "jar transforms Thread 53" [_thread_blocked, id=21120, stack(0x000000dc20e00000,0x000000dc20f00000)]
  0x00000232ff3f0000 JavaThread "jar transforms Thread 54" [_thread_blocked, id=2680, stack(0x000000dc20f00000,0x000000dc21000000)]
  0x00000232ff3ee000 JavaThread "jar transforms Thread 55" [_thread_blocked, id=17380, stack(0x000000dc21000000,0x000000dc21100000)]
  0x00000232ff3ef000 JavaThread "jar transforms Thread 56" [_thread_blocked, id=6084, stack(0x000000dc21100000,0x000000dc21200000)]
  0x00000232fe7b1800 JavaThread "jar transforms Thread 57" [_thread_blocked, id=18108, stack(0x000000dc21200000,0x000000dc21300000)]
  0x00000232fe7ae800 JavaThread "jar transforms Thread 58" [_thread_blocked, id=17732, stack(0x000000dc21300000,0x000000dc21400000)]
  0x00000232fe7b2800 JavaThread "jar transforms Thread 59" [_thread_blocked, id=17620, stack(0x000000dc21400000,0x000000dc21500000)]
  0x00000232fe7b1000 JavaThread "jar transforms Thread 60" [_thread_blocked, id=18232, stack(0x000000dc21500000,0x000000dc21600000)]
  0x00000232fe7ad800 JavaThread "jar transforms Thread 61" [_thread_blocked, id=5076, stack(0x000000dc21600000,0x000000dc21700000)]
  0x00000232fe7b0000 JavaThread "jar transforms Thread 62" [_thread_blocked, id=19136, stack(0x000000dc21700000,0x000000dc21800000)]
  0x00000232fe7af000 JavaThread "jar transforms Thread 63" [_thread_blocked, id=2564, stack(0x000000dc21800000,0x000000dc21900000)]
  0x00000232fe7ad000 JavaThread "jar transforms Thread 64" [_thread_blocked, id=16492, stack(0x000000dc21900000,0x000000dc21a00000)]
  0x00000232fe7b3800 JavaThread "jar transforms Thread 65" [_thread_blocked, id=2676, stack(0x000000dc21a00000,0x000000dc21b00000)]
  0x00000232fe7b8000 JavaThread "jar transforms Thread 66" [_thread_blocked, id=2500, stack(0x000000dc21b00000,0x000000dc21c00000)]
  0x00000232fe7b9000 JavaThread "jar transforms Thread 67" [_thread_blocked, id=17080, stack(0x000000dc21c00000,0x000000dc21d00000)]
  0x00000232fe7b5000 JavaThread "jar transforms Thread 68" [_thread_blocked, id=18548, stack(0x000000dc21d00000,0x000000dc21e00000)]
  0x00000232fe7b6000 JavaThread "jar transforms Thread 69" [_thread_blocked, id=15788, stack(0x000000dc21e00000,0x000000dc21f00000)]
  0x00000232fe7ba000 JavaThread "jar transforms Thread 70" [_thread_blocked, id=18964, stack(0x000000dc21f00000,0x000000dc22000000)]
  0x00000232fe7b7800 JavaThread "jar transforms Thread 71" [_thread_blocked, id=12940, stack(0x000000dc22000000,0x000000dc22100000)]
  0x00000232fe7b4000 JavaThread "jar transforms Thread 72" [_thread_blocked, id=16360, stack(0x000000dc22100000,0x000000dc22200000)]
  0x00000232fe7ba800 JavaThread "jar transforms Thread 73" [_thread_blocked, id=11568, stack(0x000000dc22200000,0x000000dc22300000)]
  0x00000232fe7bb800 JavaThread "jar transforms Thread 74" [_thread_blocked, id=20404, stack(0x000000dc22300000,0x000000dc22400000)]
  0x00000232fe7b6800 JavaThread "jar transforms Thread 75" [_thread_blocked, id=2456, stack(0x000000dc22400000,0x000000dc22500000)]
  0x0000023290946000 JavaThread "jar transforms Thread 76" [_thread_blocked, id=21368, stack(0x000000dc22500000,0x000000dc22600000)]
  0x0000023290944800 JavaThread "jar transforms Thread 77" [_thread_blocked, id=2656, stack(0x000000dc22600000,0x000000dc22700000)]
  0x0000023290940800 JavaThread "jar transforms Thread 78" [_thread_blocked, id=14188, stack(0x000000dc22700000,0x000000dc22800000)]
  0x0000023290943000 JavaThread "jar transforms Thread 79" [_thread_blocked, id=696, stack(0x000000dc22800000,0x000000dc22900000)]
  0x0000023290945000 JavaThread "jar transforms Thread 80" [_thread_blocked, id=19740, stack(0x000000dc22900000,0x000000dc22a00000)]
  0x0000023290943800 JavaThread "jar transforms Thread 81" [_thread_blocked, id=1808, stack(0x000000dc22a00000,0x000000dc22b00000)]
  0x0000023290947000 JavaThread "jar transforms Thread 82" [_thread_blocked, id=5668, stack(0x000000dc22b00000,0x000000dc22c00000)]
  0x0000023290941000 JavaThread "jar transforms Thread 83" [_thread_blocked, id=18876, stack(0x000000dc22c00000,0x000000dc22d00000)]
  0x0000023290947800 JavaThread "jar transforms Thread 84" [_thread_blocked, id=11028, stack(0x000000dc22d00000,0x000000dc22e00000)]
  0x0000023290942000 JavaThread "jar transforms Thread 85" [_thread_blocked, id=17248, stack(0x000000dc22e00000,0x000000dc22f00000)]
  0x000002329094e000 JavaThread "jar transforms Thread 86" [_thread_blocked, id=5252, stack(0x000000dc22f00000,0x000000dc23000000)]
  0x000002329094c000 JavaThread "jar transforms Thread 87" [_thread_blocked, id=2100, stack(0x000000dc23000000,0x000000dc23100000)]
  0x0000023290948800 JavaThread "jar transforms Thread 88" [_thread_blocked, id=17856, stack(0x000000dc23100000,0x000000dc23200000)]
  0x000002329094f000 JavaThread "jar transforms Thread 89" [_thread_blocked, id=19524, stack(0x000000dc23200000,0x000000dc23300000)]
  0x000002329094d800 JavaThread "jar transforms Thread 90" [_thread_blocked, id=21292, stack(0x000000dc23300000,0x000000dc23400000)]
  0x000002329094a000 JavaThread "jar transforms Thread 91" [_thread_blocked, id=20360, stack(0x000000dc23400000,0x000000dc23500000)]
  0x000002329094c800 JavaThread "jar transforms Thread 92" [_thread_blocked, id=19624, stack(0x000000dc23500000,0x000000dc23600000)]
  0x000002329094b000 JavaThread "Memory manager" [_thread_blocked, id=15880, stack(0x000000dc23800000,0x000000dc23900000)]
  0x0000023295571800 JavaThread "Handler for socket connection from /127.0.0.1:51284 to /127.0.0.1:51825" [_thread_in_native, id=9700, stack(0x000000dc18d00000,0x000000dc18e00000)]
  0x0000023295570800 JavaThread "Cancel handler" [_thread_blocked, id=15676, stack(0x000000dc18e00000,0x000000dc18f00000)]
  0x0000023295570000 JavaThread "Asynchronous log dispatcher for DefaultDaemonConnection: socket connection from /127.0.0.1:51284 to /127.0.0.1:51825" [_thread_blocked, id=13756, stack(0x000000dc18f00000,0x000000dc19000000)]
  0x0000023295572800 JavaThread "Stdin handler" [_thread_blocked, id=18596, stack(0x000000dc19f00000,0x000000dc1a000000)]
  0x000002329556c800 JavaThread "Thread-190" [_thread_blocked, id=12712, stack(0x000000dc1a700000,0x000000dc1a800000)]
  0x0000023295573000 JavaThread "Cache worker for file hash cache (D:\AAAAA\project\RxJavaStudy\.gradle\6.5\fileHashes)" [_thread_blocked, id=17536, stack(0x000000dc1a800000,0x000000dc1a900000)]
  0x000002329556d800 JavaThread "Cache worker for checksums cache (D:\AAAAA\project\RxJavaStudy\.gradle\checksums)" [_thread_blocked, id=4528, stack(0x000000dc1ad00000,0x000000dc1ae00000)]
  0x0000023295574000 JavaThread "Cache worker for cache directory md-supplier (D:\Android\androidGradle\caches\6.5\md-supplier)" [_thread_blocked, id=4696, stack(0x000000dc1ae00000,0x000000dc1af00000)]
  0x000002329556e800 JavaThread "Cache worker for cache directory md-rule (D:\Android\androidGradle\caches\6.5\md-rule)" [_thread_blocked, id=6776, stack(0x000000dc1b000000,0x000000dc1b100000)]
  0x00000232fc791800 JavaThread "C1 CompilerThread1" daemon [_thread_blocked, id=9420, stack(0x000000dc1b100000,0x000000dc1b200000)]
  0x00000232fa012000 JavaThread "C1 CompilerThread2" daemon [_thread_blocked, id=1768, stack(0x000000dc1b200000,0x000000dc1b300000)]
  0x0000023295575000 JavaThread "C2 CompilerThread1" daemon [_thread_blocked, id=14100, stack(0x000000dc1b300000,0x000000dc1b400000)]
  0x0000023295575800 JavaThread "C1 CompilerThread3" daemon [_thread_blocked, id=13720, stack(0x000000dc1c400000,0x000000dc1c500000)]
  0x0000023295576800 JavaThread "C2 CompilerThread2" daemon [_thread_blocked, id=2072, stack(0x000000dc1c600000,0x000000dc1c700000)]
  0x0000023295577000 JavaThread "Build operations" [_thread_blocked, id=16976, stack(0x000000dc1ca00000,0x000000dc1cb00000)]
  0x0000023295578000 JavaThread "Build operations Thread 2" [_thread_blocked, id=18792, stack(0x000000dc1cb00000,0x000000dc1cc00000)]
  0x000002329557a800 JavaThread "Build operations Thread 3" [_thread_blocked, id=2028, stack(0x000000dc1cc00000,0x000000dc1cd00000)]
  0x0000023295579800 JavaThread "Build operations Thread 4" [_thread_blocked, id=11336, stack(0x000000dc1cd00000,0x000000dc1ce00000)]
  0x000002329557b800 JavaThread "Build operations Thread 5" [_thread_blocked, id=15944, stack(0x000000dc1ce00000,0x000000dc1cf00000)]
  0x0000023295579000 JavaThread "Build operations Thread 6" [_thread_blocked, id=17980, stack(0x000000dc1cf00000,0x000000dc1d000000)]
  0x00000232fd571000 JavaThread "Build operations Thread 7" [_thread_blocked, id=2168, stack(0x000000dc1d000000,0x000000dc1d100000)]
  0x00000232fd573800 JavaThread "Build operations Thread 8" [_thread_blocked, id=13716, stack(0x000000dc1d100000,0x000000dc1d200000)]
  0x00000232fd574000 JavaThread "Build operations Thread 9" [_thread_blocked, id=2960, stack(0x000000dc1d200000,0x000000dc1d300000)]
  0x00000232fd56f000 JavaThread "Build operations Thread 10" [_thread_blocked, id=8548, stack(0x000000dc1d300000,0x000000dc1d400000)]
  0x00000232fd577800 JavaThread "Build operations Thread 11" [_thread_blocked, id=11276, stack(0x000000dc1d400000,0x000000dc1d500000)]
  0x00000232fd57a800 JavaThread "Build operations Thread 12" [_thread_blocked, id=9252, stack(0x000000dc1d500000,0x000000dc1d600000)]
  0x00000232fd578000 JavaThread "Build operations Thread 13" [_thread_blocked, id=14108, stack(0x000000dc1d600000,0x000000dc1d700000)]
  0x00000232fd575000 JavaThread "Build operations Thread 14" [_thread_blocked, id=6952, stack(0x000000dc1d700000,0x000000dc1d800000)]
  0x00000232fd57b800 JavaThread "Build operations Thread 15" [_thread_blocked, id=21092, stack(0x000000dc1d800000,0x000000dc1d900000)]
  0x00000232fd57a000 JavaThread "Build operations Thread 16" [_thread_blocked, id=17996, stack(0x000000dc1d900000,0x000000dc1da00000)]
  0x00000232fd575800 JavaThread "C2 CompilerThread3" daemon [_thread_in_native, id=7264, stack(0x000000dc1da00000,0x000000dc1db00000)]
  0x00000232fd57c800 JavaThread "Cache worker for Build Output Cleanup Cache (D:\AAAAA\project\RxJavaStudy\.gradle\buildOutputCleanup)" [_thread_blocked, id=18012, stack(0x000000dc23600000,0x000000dc23700000)]
  0x00000232fd579000 JavaThread "C2 CompilerThread4" daemon [_thread_blocked, id=7776, stack(0x000000dc23700000,0x000000dc23800000)]
  0x00000232fd576800 JavaThread "Cache worker for file content cache (D:\AAAAA\project\RxJavaStudy\.gradle\6.5\fileContent)" [_thread_blocked, id=1748, stack(0x000000dc23900000,0x000000dc23a00000)]
  0x00000232fbfe0000 JavaThread "Execution worker for ':'" [_thread_blocked, id=6472, stack(0x000000dc23a00000,0x000000dc23b00000)]
  0x00000232fbfdf000 JavaThread "Execution worker for ':' Thread 2" [_thread_blocked, id=13688, stack(0x000000dc23b00000,0x000000dc23c00000)]
  0x00000232fbfe4000 JavaThread "Execution worker for ':' Thread 3" [_thread_blocked, id=17172, stack(0x000000dc23c00000,0x000000dc23d00000)]
  0x00000232fbfe4800 JavaThread "Execution worker for ':' Thread 4" [_thread_blocked, id=8516, stack(0x000000dc23d00000,0x000000dc23e00000)]
  0x00000232fbfe0800 JavaThread "Execution worker for ':' Thread 5" [_thread_blocked, id=20492, stack(0x000000dc23e00000,0x000000dc23f00000)]
  0x00000232fe958000 JavaThread "Execution worker for ':' Thread 6" [_thread_blocked, id=5568, stack(0x000000dc23f00000,0x000000dc24000000)]
  0x00000232fe959000 JavaThread "Execution worker for ':' Thread 7" [_thread_blocked, id=2768, stack(0x000000dc24000000,0x000000dc24100000)]
  0x0000023290949800 JavaThread "Execution worker for ':' Thread 8" [_thread_blocked, id=7232, stack(0x000000dc24100000,0x000000dc24200000)]
  0x0000023292c74800 JavaThread "Execution worker for ':' Thread 9" [_thread_blocked, id=7612, stack(0x000000dc24200000,0x000000dc24300000)]
  0x0000023292c75800 JavaThread "Execution worker for ':' Thread 10" [_thread_blocked, id=14412, stack(0x000000dc24300000,0x000000dc24400000)]
  0x0000023292c73800 JavaThread "Execution worker for ':' Thread 11" [_thread_in_Java, id=20056, stack(0x000000dc24400000,0x000000dc24500000)]
  0x0000023292c76000 JavaThread "Execution worker for ':' Thread 12" [_thread_blocked, id=19208, stack(0x000000dc24500000,0x000000dc24600000)]
  0x0000023292c73000 JavaThread "Execution worker for ':' Thread 13" [_thread_blocked, id=21016, stack(0x000000dc24600000,0x000000dc24700000)]
  0x0000023292c77000 JavaThread "Execution worker for ':' Thread 14" [_thread_blocked, id=14500, stack(0x000000dc24700000,0x000000dc24800000)]
  0x0000023292c71000 JavaThread "Execution worker for ':' Thread 15" [_thread_blocked, id=6456, stack(0x000000dc24800000,0x000000dc24900000)]
  0x0000023292c78000 JavaThread "Cache worker for execution history cache (D:\AAAAA\project\RxJavaStudy\.gradle\6.5\executionHistory)" [_thread_blocked, id=21408, stack(0x000000dc24900000,0x000000dc24a00000)]
=>0x0000023292c72000 JavaThread "C2 CompilerThread5" daemon [_thread_in_native, id=7644, stack(0x000000dc24a00000,0x000000dc24b00000)]

Other Threads:
  0x00000232fa888800 VMThread "VM Thread" [stack: 0x000000dc19600000,0x000000dc19700000] [id=3464]
  0x00000232faa7a000 WatcherThread [stack: 0x000000dc1a100000,0x000000dc1a200000] [id=16780]
  0x00000232ee03c800 GCTaskThread "GC Thread#0" [stack: 0x000000dc19100000,0x000000dc19200000] [id=15924]
  0x00000232fb789800 GCTaskThread "GC Thread#1" [stack: 0x000000dc1a400000,0x000000dc1a500000] [id=11156]
  0x00000232fb4c1800 GCTaskThread "GC Thread#2" [stack: 0x000000dc1a500000,0x000000dc1a600000] [id=17576]
  0x00000232fadfe000 GCTaskThread "GC Thread#3" [stack: 0x000000dc1a600000,0x000000dc1a700000] [id=17636]
  0x00000232fc128000 GCTaskThread "GC Thread#4" [stack: 0x000000dc1b600000,0x000000dc1b700000] [id=17680]
  0x00000232fc03e800 GCTaskThread "GC Thread#5" [stack: 0x000000dc1b700000,0x000000dc1b800000] [id=8600]
  0x00000232fcd5b800 GCTaskThread "GC Thread#6" [stack: 0x000000dc1b800000,0x000000dc1b900000] [id=17312]
  0x00000232fc7a2800 GCTaskThread "GC Thread#7" [stack: 0x000000dc1b900000,0x000000dc1ba00000] [id=5756]
  0x00000232fcaee000 GCTaskThread "GC Thread#8" [stack: 0x000000dc1ba00000,0x000000dc1bb00000] [id=20264]
  0x00000232fcaee800 GCTaskThread "GC Thread#9" [stack: 0x000000dc1bb00000,0x000000dc1bc00000] [id=7212]
  0x00000232fcaf0800 GCTaskThread "GC Thread#10" [stack: 0x000000dc1bc00000,0x000000dc1bd00000] [id=16640]
  0x00000232fcaec800 GCTaskThread "GC Thread#11" [stack: 0x000000dc1bd00000,0x000000dc1be00000] [id=2320]
  0x00000232fcaf0000 GCTaskThread "GC Thread#12" [stack: 0x000000dc1be00000,0x000000dc1bf00000] [id=15860]
  0x00000232ee072000 ConcurrentGCThread "G1 Main Marker" [stack: 0x000000dc19200000,0x000000dc19300000] [id=536]
  0x00000232ee074000 ConcurrentGCThread "G1 Conc#0" [stack: 0x000000dc19300000,0x000000dc19400000] [id=18224]
  0x00000232fcaed000 ConcurrentGCThread "G1 Conc#1" [stack: 0x000000dc1bf00000,0x000000dc1c000000] [id=4704]
  0x00000232fcaea000 ConcurrentGCThread "G1 Conc#2" [stack: 0x000000dc1c000000,0x000000dc1c100000] [id=16180]
  0x00000232f9ec3000 ConcurrentGCThread "G1 Refine#0" [stack: 0x000000dc19400000,0x000000dc19500000] [id=14388]
  0x000002328f434000 ConcurrentGCThread "G1 Refine#1" [stack: 0x000000dc1c200000,0x000000dc1c300000] [id=12296]
  0x000002328f434800 ConcurrentGCThread "G1 Refine#2" [stack: 0x000000dc1c300000,0x000000dc1c400000] [id=7448]
  0x000002328f4b4000 ConcurrentGCThread "G1 Refine#3" [stack: 0x000000dc1c500000,0x000000dc1c600000] [id=21228]
  0x00000232f9ec4000 ConcurrentGCThread "G1 Young RemSet Sampling" [stack: 0x000000dc19500000,0x000000dc19600000] [id=16880]

Threads with active compile tasks:
C2 CompilerThread0  67602 11747       4       org.gradle.internal.operations.DefaultBuildOperationExecutor::execute (111 bytes)
C2 CompilerThread3  67602 11648       4       org.gradle.api.internal.attributes.DefaultImmutableAttributesFactory::concat (126 bytes)
C2 CompilerThread5  67602 11739   !   4       org.gradle.api.internal.attributes.DefaultImmutableAttributesFactory::doConcatIsolatable (128 bytes)

VM state:not at safepoint (normal execution)

VM Mutex/Monitor currently owned by a thread: None

Heap address: 0x0000000080000000, size: 2048 MB, Compressed Oops mode: 32-bit
Narrow klass base: 0x0000000000000000, Narrow klass shift: 3
Compressed class space size: 1073741824 Address: 0x0000000100000000

Heap:
 garbage-first heap   total 194560K, used 109943K [0x0000000080000000, 0x0000000100000000)
  region size 1024K, 52 young (53248K), 6 survivors (6144K)
 Metaspace       used 80827K, capacity 83230K, committed 83384K, reserved 1122304K
  class space    used 10180K, capacity 10989K, committed 11124K, reserved 1048576K
Heap Regions: E=young(eden), S=young(survivor), O=old, HS=humongous(starts), HC=humongous(continues), CS=collection set, F=free, A=archive, TAMS=top-at-mark-start (previous, next)
|   0|0x0000000080000000, 0x0000000080100000, 0x0000000080100000|100%| O|  |TAMS 0x0000000080100000, 0x0000000080000000| Untracked 
|   1|0x0000000080100000, 0x0000000080200000, 0x0000000080200000|100%| O|  |TAMS 0x0000000080200000, 0x0000000080100000| Untracked 
|   2|0x0000000080200000, 0x0000000080300000, 0x0000000080300000|100%| O|  |TAMS 0x0000000080300000, 0x0000000080200000| Untracked 
|   3|0x0000000080300000, 0x0000000080400000, 0x0000000080400000|100%|HS|  |TAMS 0x0000000080400000, 0x0000000080300000| Complete 
|   4|0x0000000080400000, 0x0000000080500000, 0x0000000080500000|100%|HC|  |TAMS 0x0000000080500000, 0x0000000080400000| Complete 
|   5|0x0000000080500000, 0x0000000080600000, 0x0000000080600000|100%|HC|  |TAMS 0x0000000080600000, 0x0000000080500000| Complete 
|   6|0x0000000080600000, 0x0000000080700000, 0x0000000080700000|100%| O|  |TAMS 0x0000000080700000, 0x0000000080600000| Untracked 
|   7|0x0000000080700000, 0x0000000080800000, 0x0000000080800000|100%| O|  |TAMS 0x0000000080800000, 0x0000000080700000| Untracked 
|   8|0x0000000080800000, 0x0000000080900000, 0x0000000080900000|100%| O|  |TAMS 0x0000000080900000, 0x0000000080800000| Untracked 
|   9|0x0000000080900000, 0x0000000080a00000, 0x0000000080a00000|100%| O|  |TAMS 0x0000000080a00000, 0x0000000080900000| Untracked 
|  10|0x0000000080a00000, 0x0000000080b00000, 0x0000000080b00000|100%| O|  |TAMS 0x0000000080b00000, 0x0000000080a00000| Untracked 
|  11|0x0000000080b00000, 0x0000000080c00000, 0x0000000080c00000|100%| O|  |TAMS 0x0000000080c00000, 0x0000000080b00000| Untracked 
|  12|0x0000000080c00000, 0x0000000080d00000, 0x0000000080d00000|100%| O|  |TAMS 0x0000000080d00000, 0x0000000080c00000| Untracked 
|  13|0x0000000080d00000, 0x0000000080e00000, 0x0000000080e00000|100%| O|  |TAMS 0x0000000080e00000, 0x0000000080d00000| Untracked 
|  14|0x0000000080e00000, 0x0000000080f00000, 0x0000000080f00000|100%| O|  |TAMS 0x0000000080f00000, 0x0000000080e00000| Untracked 
|  15|0x0000000080f00000, 0x0000000081000000, 0x0000000081000000|100%|HS|  |TAMS 0x0000000081000000, 0x0000000080f00000| Complete 
|  16|0x0000000081000000, 0x0000000081100000, 0x0000000081100000|100%|HS|  |TAMS 0x0000000081100000, 0x0000000081000000| Complete 
|  17|0x0000000081100000, 0x0000000081200000, 0x0000000081200000|100%|HC|  |TAMS 0x0000000081200000, 0x0000000081100000| Complete 
|  18|0x0000000081200000, 0x0000000081300000, 0x0000000081300000|100%| O|  |TAMS 0x0000000081300000, 0x0000000081200000| Untracked 
|  19|0x0000000081300000, 0x0000000081400000, 0x0000000081400000|100%| O|  |TAMS 0x0000000081400000, 0x0000000081300000| Untracked 
|  20|0x0000000081400000, 0x0000000081500000, 0x0000000081500000|100%| O|  |TAMS 0x0000000081500000, 0x0000000081400000| Untracked 
|  21|0x0000000081500000, 0x0000000081600000, 0x0000000081600000|100%| O|  |TAMS 0x0000000081600000, 0x0000000081500000| Untracked 
|  22|0x0000000081600000, 0x0000000081700000, 0x0000000081700000|100%| O|  |TAMS 0x0000000081700000, 0x0000000081600000| Untracked 
|  23|0x0000000081700000, 0x0000000081800000, 0x0000000081800000|100%| O|  |TAMS 0x0000000081800000, 0x0000000081700000| Untracked 
|  24|0x0000000081800000, 0x0000000081900000, 0x0000000081900000|100%| O|  |TAMS 0x0000000081800000, 0x0000000081800000| Untracked 
|  25|0x0000000081900000, 0x0000000081a00000, 0x0000000081a00000|100%| O|  |TAMS 0x0000000081a00000, 0x0000000081900000| Untracked 
|  26|0x0000000081a00000, 0x0000000081b00000, 0x0000000081b00000|100%| O|  |TAMS 0x0000000081b00000, 0x0000000081a00000| Untracked 
|  27|0x0000000081b00000, 0x0000000081c00000, 0x0000000081c00000|100%| O|  |TAMS 0x0000000081c00000, 0x0000000081b00000| Untracked 
|  28|0x0000000081c00000, 0x0000000081d00000, 0x0000000081d00000|100%| O|  |TAMS 0x0000000081d00000, 0x0000000081c00000| Untracked 
|  29|0x0000000081d00000, 0x0000000081e00000, 0x0000000081e00000|100%| O|  |TAMS 0x0000000081e00000, 0x0000000081d00000| Untracked 
|  30|0x0000000081e00000, 0x0000000081f00000, 0x0000000081f00000|100%| O|  |TAMS 0x0000000081f00000, 0x0000000081e00000| Untracked 
|  31|0x0000000081f00000, 0x0000000082000000, 0x0000000082000000|100%| O|  |TAMS 0x0000000082000000, 0x0000000081f00000| Untracked 
|  32|0x0000000082000000, 0x0000000082100000, 0x0000000082100000|100%| O|  |TAMS 0x0000000082100000, 0x0000000082000000| Untracked 
|  33|0x0000000082100000, 0x0000000082200000, 0x0000000082200000|100%| O|  |TAMS 0x0000000082200000, 0x0000000082100000| Untracked 
|  34|0x0000000082200000, 0x0000000082300000, 0x0000000082300000|100%| O|  |TAMS 0x0000000082300000, 0x0000000082200000| Untracked 
|  35|0x0000000082300000, 0x0000000082400000, 0x0000000082400000|100%| O|  |TAMS 0x0000000082400000, 0x0000000082300000| Untracked 
|  36|0x0000000082400000, 0x0000000082500000, 0x0000000082500000|100%| O|  |TAMS 0x0000000082500000, 0x0000000082400000| Untracked 
|  37|0x0000000082500000, 0x0000000082600000, 0x0000000082600000|100%| O|  |TAMS 0x0000000082600000, 0x0000000082500000| Untracked 
|  38|0x0000000082600000, 0x0000000082700000, 0x0000000082700000|100%| O|  |TAMS 0x0000000082621600, 0x0000000082600000| Untracked 
|  39|0x0000000082700000, 0x0000000082800000, 0x0000000082800000|100%| O|  |TAMS 0x0000000082700000, 0x0000000082700000| Untracked 
|  40|0x0000000082800000, 0x0000000082900000, 0x0000000082900000|100%| O|  |TAMS 0x0000000082800000, 0x0000000082800000| Untracked 
|  41|0x0000000082900000, 0x0000000082a00000, 0x0000000082a00000|100%| O|  |TAMS 0x0000000082900000, 0x0000000082900000| Untracked 
|  42|0x0000000082a00000, 0x0000000082b00000, 0x0000000082b00000|100%| O|  |TAMS 0x0000000082a00000, 0x0000000082a00000| Untracked 
|  43|0x0000000082b00000, 0x0000000082c00000, 0x0000000082c00000|100%| O|  |TAMS 0x0000000082b00000, 0x0000000082b00000| Untracked 
|  44|0x0000000082c00000, 0x0000000082d00000, 0x0000000082d00000|100%| O|  |TAMS 0x0000000082c00000, 0x0000000082c00000| Untracked 
|  45|0x0000000082d00000, 0x0000000082e00000, 0x0000000082e00000|100%| O|  |TAMS 0x0000000082d00000, 0x0000000082d00000| Untracked 
|  46|0x0000000082e00000, 0x0000000082f00000, 0x0000000082f00000|100%| O|  |TAMS 0x0000000082e00000, 0x0000000082e00000| Untracked 
|  47|0x0000000082f00000, 0x0000000083000000, 0x0000000083000000|100%| O|  |TAMS 0x0000000082f00000, 0x0000000082f00000| Untracked 
|  48|0x0000000083000000, 0x0000000083100000, 0x0000000083100000|100%| O|  |TAMS 0x0000000083000000, 0x0000000083000000| Untracked 
|  49|0x0000000083100000, 0x0000000083200000, 0x0000000083200000|100%| O|  |TAMS 0x0000000083100000, 0x0000000083100000| Untracked 
|  50|0x0000000083200000, 0x0000000083300000, 0x0000000083300000|100%| O|  |TAMS 0x0000000083200000, 0x0000000083200000| Untracked 
|  51|0x0000000083300000, 0x0000000083400000, 0x0000000083400000|100%| O|  |TAMS 0x0000000083300000, 0x0000000083300000| Untracked 
|  52|0x0000000083400000, 0x0000000083500000, 0x0000000083500000|100%| O|  |TAMS 0x0000000083400000, 0x0000000083400000| Untracked 
|  53|0x0000000083500000, 0x0000000083600000, 0x0000000083600000|100%| O|  |TAMS 0x0000000083500000, 0x0000000083500000| Untracked 
|  54|0x0000000083600000, 0x0000000083700000, 0x0000000083700000|100%| O|  |TAMS 0x0000000083600000, 0x0000000083600000| Untracked 
|  55|0x0000000083700000, 0x0000000083800000, 0x0000000083800000|100%| O|  |TAMS 0x0000000083700000, 0x0000000083700000| Untracked 
|  56|0x0000000083800000, 0x0000000083900000, 0x0000000083900000|100%| O|  |TAMS 0x0000000083800000, 0x0000000083800000| Untracked 
|  57|0x0000000083900000, 0x00000000839c1c00, 0x0000000083a00000| 75%| O|  |TAMS 0x0000000083900000, 0x0000000083900000| Untracked 
|  58|0x0000000083a00000, 0x0000000083a00000, 0x0000000083b00000|  0%| F|  |TAMS 0x0000000083a00000, 0x0000000083a00000| Untracked 
|  59|0x0000000083b00000, 0x0000000083b00000, 0x0000000083c00000|  0%| F|  |TAMS 0x0000000083b00000, 0x0000000083b00000| Untracked 
|  60|0x0000000083c00000, 0x0000000083c00000, 0x0000000083d00000|  0%| F|  |TAMS 0x0000000083c00000, 0x0000000083c00000| Untracked 
|  61|0x0000000083d00000, 0x0000000083d00000, 0x0000000083e00000|  0%| F|  |TAMS 0x0000000083d00000, 0x0000000083d00000| Untracked 
|  62|0x0000000083e00000, 0x0000000083e00000, 0x0000000083f00000|  0%| F|  |TAMS 0x0000000083e00000, 0x0000000083e00000| Untracked 
|  63|0x0000000083f00000, 0x0000000083f00000, 0x0000000084000000|  0%| F|  |TAMS 0x0000000083f00000, 0x0000000083f00000| Untracked 
|  64|0x0000000084000000, 0x0000000084000000, 0x0000000084100000|  0%| F|  |TAMS 0x0000000084000000, 0x0000000084000000| Untracked 
|  65|0x0000000084100000, 0x0000000084100000, 0x0000000084200000|  0%| F|  |TAMS 0x0000000084100000, 0x0000000084100000| Untracked 
|  66|0x0000000084200000, 0x0000000084200000, 0x0000000084300000|  0%| F|  |TAMS 0x0000000084200000, 0x0000000084200000| Untracked 
|  67|0x0000000084300000, 0x0000000084300000, 0x0000000084400000|  0%| F|  |TAMS 0x0000000084300000, 0x0000000084300000| Untracked 
|  68|0x0000000084400000, 0x0000000084400000, 0x0000000084500000|  0%| F|  |TAMS 0x0000000084400000, 0x0000000084400000| Untracked 
|  69|0x0000000084500000, 0x0000000084500000, 0x0000000084600000|  0%| F|  |TAMS 0x0000000084500000, 0x0000000084500000| Untracked 
|  70|0x0000000084600000, 0x0000000084600000, 0x0000000084700000|  0%| F|  |TAMS 0x0000000084600000, 0x0000000084600000| Untracked 
|  71|0x0000000084700000, 0x0000000084700000, 0x0000000084800000|  0%| F|  |TAMS 0x0000000084700000, 0x0000000084700000| Untracked 
|  72|0x0000000084800000, 0x0000000084800000, 0x0000000084900000|  0%| F|  |TAMS 0x0000000084800000, 0x0000000084800000| Untracked 
|  73|0x0000000084900000, 0x0000000084900000, 0x0000000084a00000|  0%| F|  |TAMS 0x0000000084900000, 0x0000000084900000| Untracked 
|  74|0x0000000084a00000, 0x0000000084a00000, 0x0000000084b00000|  0%| F|  |TAMS 0x0000000084a00000, 0x0000000084a00000| Untracked 
|  75|0x0000000084b00000, 0x0000000084b00000, 0x0000000084c00000|  0%| F|  |TAMS 0x0000000084b00000, 0x0000000084b00000| Untracked 
|  76|0x0000000084c00000, 0x0000000084c00000, 0x0000000084d00000|  0%| F|  |TAMS 0x0000000084c00000, 0x0000000084c00000| Untracked 
|  77|0x0000000084d00000, 0x0000000084d00000, 0x0000000084e00000|  0%| F|  |TAMS 0x0000000084d00000, 0x0000000084d00000| Untracked 
|  78|0x0000000084e00000, 0x0000000084e00000, 0x0000000084f00000|  0%| F|  |TAMS 0x0000000084e00000, 0x0000000084e00000| Untracked 
|  79|0x0000000084f00000, 0x0000000084f00000, 0x0000000085000000|  0%| F|  |TAMS 0x0000000084f00000, 0x0000000084f00000| Untracked 
|  80|0x0000000085000000, 0x0000000085000000, 0x0000000085100000|  0%| F|  |TAMS 0x0000000085000000, 0x0000000085000000| Untracked 
|  81|0x0000000085100000, 0x0000000085100000, 0x0000000085200000|  0%| F|  |TAMS 0x0000000085100000, 0x0000000085100000| Untracked 
|  82|0x0000000085200000, 0x0000000085200000, 0x0000000085300000|  0%| F|  |TAMS 0x0000000085200000, 0x0000000085200000| Untracked 
|  83|0x0000000085300000, 0x0000000085300000, 0x0000000085400000|  0%| F|  |TAMS 0x0000000085300000, 0x0000000085300000| Untracked 
|  84|0x0000000085400000, 0x0000000085400000, 0x0000000085500000|  0%| F|  |TAMS 0x0000000085400000, 0x0000000085400000| Untracked 
|  85|0x0000000085500000, 0x0000000085500000, 0x0000000085600000|  0%| F|  |TAMS 0x0000000085500000, 0x0000000085500000| Untracked 
|  86|0x0000000085600000, 0x0000000085600000, 0x0000000085700000|  0%| F|  |TAMS 0x0000000085600000, 0x0000000085600000| Untracked 
|  87|0x0000000085700000, 0x0000000085700000, 0x0000000085800000|  0%| F|  |TAMS 0x0000000085700000, 0x0000000085700000| Untracked 
|  88|0x0000000085800000, 0x0000000085800000, 0x0000000085900000|  0%| F|  |TAMS 0x0000000085800000, 0x0000000085800000| Untracked 
|  89|0x0000000085900000, 0x0000000085900000, 0x0000000085a00000|  0%| F|  |TAMS 0x0000000085900000, 0x0000000085900000| Untracked 
|  90|0x0000000085a00000, 0x0000000085a00000, 0x0000000085b00000|  0%| F|  |TAMS 0x0000000085a00000, 0x0000000085a00000| Untracked 
|  91|0x0000000085b00000, 0x0000000085b00000, 0x0000000085c00000|  0%| F|  |TAMS 0x0000000085b00000, 0x0000000085b00000| Untracked 
|  92|0x0000000085c00000, 0x0000000085c00000, 0x0000000085d00000|  0%| F|  |TAMS 0x0000000085c00000, 0x0000000085c00000| Untracked 
|  93|0x0000000085d00000, 0x0000000085d00000, 0x0000000085e00000|  0%| F|  |TAMS 0x0000000085d00000, 0x0000000085d00000| Untracked 
|  94|0x0000000085e00000, 0x0000000085e00000, 0x0000000085f00000|  0%| F|  |TAMS 0x0000000085e00000, 0x0000000085e00000| Untracked 
|  95|0x0000000085f00000, 0x0000000085f00000, 0x0000000086000000|  0%| F|  |TAMS 0x0000000085f00000, 0x0000000085f00000| Untracked 
|  96|0x0000000086000000, 0x0000000086000000, 0x0000000086100000|  0%| F|  |TAMS 0x0000000086000000, 0x0000000086000000| Untracked 
|  97|0x0000000086100000, 0x0000000086100000, 0x0000000086200000|  0%| F|  |TAMS 0x0000000086100000, 0x0000000086100000| Untracked 
|  98|0x0000000086200000, 0x0000000086200000, 0x0000000086300000|  0%| F|  |TAMS 0x0000000086200000, 0x0000000086200000| Untracked 
|  99|0x0000000086300000, 0x0000000086300000, 0x0000000086400000|  0%| F|  |TAMS 0x0000000086300000, 0x0000000086300000| Untracked 
| 100|0x0000000086400000, 0x0000000086400000, 0x0000000086500000|  0%| F|  |TAMS 0x0000000086400000, 0x0000000086400000| Untracked 
| 101|0x0000000086500000, 0x000000008659c3a0, 0x0000000086600000| 61%| S|CS|TAMS 0x0000000086500000, 0x0000000086500000| Complete 
| 102|0x0000000086600000, 0x0000000086700000, 0x0000000086700000|100%| S|CS|TAMS 0x0000000086600000, 0x0000000086600000| Complete 
| 103|0x0000000086700000, 0x0000000086800000, 0x0000000086800000|100%| S|CS|TAMS 0x0000000086700000, 0x0000000086700000| Complete 
| 104|0x0000000086800000, 0x0000000086900000, 0x0000000086900000|100%| S|CS|TAMS 0x0000000086800000, 0x0000000086800000| Complete 
| 105|0x0000000086900000, 0x0000000086900000, 0x0000000086a00000|  0%| F|  |TAMS 0x0000000086900000, 0x0000000086900000| Untracked 
| 106|0x0000000086a00000, 0x0000000086a00000, 0x0000000086b00000|  0%| F|  |TAMS 0x0000000086a00000, 0x0000000086a00000| Untracked 
| 107|0x0000000086b00000, 0x0000000086b00000, 0x0000000086c00000|  0%| F|  |TAMS 0x0000000086b00000, 0x0000000086b00000| Untracked 
| 108|0x0000000086c00000, 0x0000000086c00000, 0x0000000086d00000|  0%| F|  |TAMS 0x0000000086c00000, 0x0000000086c00000| Untracked 
| 109|0x0000000086d00000, 0x0000000086e00000, 0x0000000086e00000|100%| S|CS|TAMS 0x0000000086d00000, 0x0000000086d00000| Complete 
| 110|0x0000000086e00000, 0x0000000086f00000, 0x0000000086f00000|100%| S|CS|TAMS 0x0000000086e00000, 0x0000000086e00000| Complete 
| 111|0x0000000086f00000, 0x0000000086f00000, 0x0000000087000000|  0%| F|  |TAMS 0x0000000086f00000, 0x0000000086f00000| Untracked 
| 112|0x0000000087000000, 0x0000000087000000, 0x0000000087100000|  0%| F|  |TAMS 0x0000000087000000, 0x0000000087000000| Untracked 
| 113|0x0000000087100000, 0x0000000087100000, 0x0000000087200000|  0%| F|  |TAMS 0x0000000087100000, 0x0000000087100000| Untracked 
| 114|0x0000000087200000, 0x0000000087200000, 0x0000000087300000|  0%| F|  |TAMS 0x0000000087200000, 0x0000000087200000| Untracked 
| 115|0x0000000087300000, 0x0000000087300000, 0x0000000087400000|  0%| F|  |TAMS 0x0000000087300000, 0x0000000087300000| Untracked 
| 116|0x0000000087400000, 0x0000000087400000, 0x0000000087500000|  0%| F|  |TAMS 0x0000000087400000, 0x0000000087400000| Untracked 
| 117|0x0000000087500000, 0x0000000087500000, 0x0000000087600000|  0%| F|  |TAMS 0x0000000087500000, 0x0000000087500000| Untracked 
| 118|0x0000000087600000, 0x0000000087600000, 0x0000000087700000|  0%| F|  |TAMS 0x0000000087600000, 0x0000000087600000| Untracked 
| 119|0x0000000087700000, 0x0000000087700000, 0x0000000087800000|  0%| F|  |TAMS 0x0000000087700000, 0x0000000087700000| Untracked 
| 120|0x0000000087800000, 0x0000000087800000, 0x0000000087900000|  0%| F|  |TAMS 0x0000000087800000, 0x0000000087800000| Untracked 
| 121|0x0000000087900000, 0x0000000087900000, 0x0000000087a00000|  0%| F|  |TAMS 0x0000000087900000, 0x0000000087900000| Untracked 
| 122|0x0000000087a00000, 0x0000000087a00000, 0x0000000087b00000|  0%| F|  |TAMS 0x0000000087a00000, 0x0000000087a00000| Untracked 
| 123|0x0000000087b00000, 0x0000000087b00000, 0x0000000087c00000|  0%| F|  |TAMS 0x0000000087b00000, 0x0000000087b00000| Untracked 
| 124|0x0000000087c00000, 0x0000000087c00000, 0x0000000087d00000|  0%| F|  |TAMS 0x0000000087c00000, 0x0000000087c00000| Untracked 
| 125|0x0000000087d00000, 0x0000000087d00000, 0x0000000087e00000|  0%| F|  |TAMS 0x0000000087d00000, 0x0000000087d00000| Untracked 
| 126|0x0000000087e00000, 0x0000000087e00000, 0x0000000087f00000|  0%| F|  |TAMS 0x0000000087e00000, 0x0000000087e00000| Untracked 
| 127|0x0000000087f00000, 0x0000000087f00000, 0x0000000088000000|  0%| F|  |TAMS 0x0000000087f00000, 0x0000000087f00000| Untracked 
| 128|0x0000000088000000, 0x0000000088000000, 0x0000000088100000|  0%| F|  |TAMS 0x0000000088000000, 0x0000000088000000| Untracked 
| 129|0x0000000088100000, 0x0000000088100000, 0x0000000088200000|  0%| F|  |TAMS 0x0000000088100000, 0x0000000088100000| Untracked 
| 130|0x0000000088200000, 0x0000000088200000, 0x0000000088300000|  0%| F|  |TAMS 0x0000000088200000, 0x0000000088200000| Untracked 
| 131|0x0000000088300000, 0x0000000088300000, 0x0000000088400000|  0%| F|  |TAMS 0x0000000088300000, 0x0000000088300000| Untracked 
| 132|0x0000000088400000, 0x0000000088400000, 0x0000000088500000|  0%| F|  |TAMS 0x0000000088400000, 0x0000000088400000| Untracked 
| 133|0x0000000088500000, 0x0000000088500000, 0x0000000088600000|  0%| F|  |TAMS 0x0000000088500000, 0x0000000088500000| Untracked 
| 134|0x0000000088600000, 0x0000000088600000, 0x0000000088700000|  0%| F|  |TAMS 0x0000000088600000, 0x0000000088600000| Untracked 
| 135|0x0000000088700000, 0x0000000088700000, 0x0000000088800000|  0%| F|  |TAMS 0x0000000088700000, 0x0000000088700000| Untracked 
| 136|0x0000000088800000, 0x0000000088800000, 0x0000000088900000|  0%| F|  |TAMS 0x0000000088800000, 0x0000000088800000| Untracked 
| 137|0x0000000088900000, 0x0000000088900000, 0x0000000088a00000|  0%| F|  |TAMS 0x0000000088900000, 0x0000000088900000| Untracked 
| 138|0x0000000088a00000, 0x0000000088a00000, 0x0000000088b00000|  0%| F|  |TAMS 0x0000000088a00000, 0x0000000088a00000| Untracked 
| 139|0x0000000088b00000, 0x0000000088b00000, 0x0000000088c00000|  0%| F|  |TAMS 0x0000000088b00000, 0x0000000088b00000| Untracked 
| 140|0x0000000088c00000, 0x0000000088c00000, 0x0000000088d00000|  0%| F|  |TAMS 0x0000000088c00000, 0x0000000088c00000| Untracked 
| 141|0x0000000088d00000, 0x0000000088d00000, 0x0000000088e00000|  0%| F|  |TAMS 0x0000000088d00000, 0x0000000088d00000| Untracked 
| 142|0x0000000088e00000, 0x0000000088e00000, 0x0000000088f00000|  0%| F|  |TAMS 0x0000000088e00000, 0x0000000088e00000| Untracked 
| 143|0x0000000088f00000, 0x0000000088fc0120, 0x0000000089000000| 75%| E|  |TAMS 0x0000000088f00000, 0x0000000088f00000| Complete 
| 144|0x0000000089000000, 0x0000000089100000, 0x0000000089100000|100%| E|CS|TAMS 0x0000000089000000, 0x0000000089000000| Complete 
| 145|0x0000000089100000, 0x0000000089200000, 0x0000000089200000|100%| E|CS|TAMS 0x0000000089100000, 0x0000000089100000| Complete 
| 146|0x0000000089200000, 0x0000000089300000, 0x0000000089300000|100%| E|CS|TAMS 0x0000000089200000, 0x0000000089200000| Complete 
| 147|0x0000000089300000, 0x0000000089400000, 0x0000000089400000|100%| E|CS|TAMS 0x0000000089300000, 0x0000000089300000| Complete 
| 148|0x0000000089400000, 0x0000000089500000, 0x0000000089500000|100%| E|CS|TAMS 0x0000000089400000, 0x0000000089400000| Complete 
| 149|0x0000000089500000, 0x0000000089600000, 0x0000000089600000|100%| E|CS|TAMS 0x0000000089500000, 0x0000000089500000| Complete 
| 150|0x0000000089600000, 0x0000000089700000, 0x0000000089700000|100%| E|CS|TAMS 0x0000000089600000, 0x0000000089600000| Complete 
| 151|0x0000000089700000, 0x0000000089800000, 0x0000000089800000|100%| E|  |TAMS 0x0000000089700000, 0x0000000089700000| Complete 
| 152|0x0000000089800000, 0x0000000089900000, 0x0000000089900000|100%| E|CS|TAMS 0x0000000089800000, 0x0000000089800000| Complete 
| 153|0x0000000089900000, 0x0000000089a00000, 0x0000000089a00000|100%| E|CS|TAMS 0x0000000089900000, 0x0000000089900000| Complete 
| 154|0x0000000089a00000, 0x0000000089b00000, 0x0000000089b00000|100%| E|CS|TAMS 0x0000000089a00000, 0x0000000089a00000| Complete 
| 155|0x0000000089b00000, 0x0000000089c00000, 0x0000000089c00000|100%| E|CS|TAMS 0x0000000089b00000, 0x0000000089b00000| Complete 
| 156|0x0000000089c00000, 0x0000000089d00000, 0x0000000089d00000|100%| E|CS|TAMS 0x0000000089c00000, 0x0000000089c00000| Complete 
| 157|0x0000000089d00000, 0x0000000089e00000, 0x0000000089e00000|100%| E|CS|TAMS 0x0000000089d00000, 0x0000000089d00000| Complete 
| 158|0x0000000089e00000, 0x0000000089f00000, 0x0000000089f00000|100%| E|CS|TAMS 0x0000000089e00000, 0x0000000089e00000| Complete 
| 159|0x0000000089f00000, 0x000000008a000000, 0x000000008a000000|100%| E|CS|TAMS 0x0000000089f00000, 0x0000000089f00000| Complete 
| 160|0x000000008a000000, 0x000000008a100000, 0x000000008a100000|100%| E|CS|TAMS 0x000000008a000000, 0x000000008a000000| Complete 
| 161|0x000000008a100000, 0x000000008a200000, 0x000000008a200000|100%| E|CS|TAMS 0x000000008a100000, 0x000000008a100000| Complete 
| 162|0x000000008a200000, 0x000000008a300000, 0x000000008a300000|100%| E|CS|TAMS 0x000000008a200000, 0x000000008a200000| Complete 
| 163|0x000000008a300000, 0x000000008a400000, 0x000000008a400000|100%| E|CS|TAMS 0x000000008a300000, 0x000000008a300000| Complete 
| 164|0x000000008a400000, 0x000000008a500000, 0x000000008a500000|100%| E|CS|TAMS 0x000000008a400000, 0x000000008a400000| Complete 
| 165|0x000000008a500000, 0x000000008a600000, 0x000000008a600000|100%| E|CS|TAMS 0x000000008a500000, 0x000000008a500000| Complete 
| 166|0x000000008a600000, 0x000000008a700000, 0x000000008a700000|100%| E|CS|TAMS 0x000000008a600000, 0x000000008a600000| Complete 
| 167|0x000000008a700000, 0x000000008a800000, 0x000000008a800000|100%| E|CS|TAMS 0x000000008a700000, 0x000000008a700000| Complete 
| 168|0x000000008a800000, 0x000000008a900000, 0x000000008a900000|100%| E|CS|TAMS 0x000000008a800000, 0x000000008a800000| Complete 
| 169|0x000000008a900000, 0x000000008aa00000, 0x000000008aa00000|100%| E|CS|TAMS 0x000000008a900000, 0x000000008a900000| Complete 
| 170|0x000000008aa00000, 0x000000008ab00000, 0x000000008ab00000|100%| E|CS|TAMS 0x000000008aa00000, 0x000000008aa00000| Complete 
| 171|0x000000008ab00000, 0x000000008ac00000, 0x000000008ac00000|100%| E|CS|TAMS 0x000000008ab00000, 0x000000008ab00000| Complete 
| 172|0x000000008ac00000, 0x000000008ad00000, 0x000000008ad00000|100%| E|CS|TAMS 0x000000008ac00000, 0x000000008ac00000| Complete 
| 173|0x000000008ad00000, 0x000000008ae00000, 0x000000008ae00000|100%| E|CS|TAMS 0x000000008ad00000, 0x000000008ad00000| Complete 
| 174|0x000000008ae00000, 0x000000008af00000, 0x000000008af00000|100%| E|CS|TAMS 0x000000008ae00000, 0x000000008ae00000| Complete 
| 175|0x000000008af00000, 0x000000008b000000, 0x000000008b000000|100%| E|CS|TAMS 0x000000008af00000, 0x000000008af00000| Complete 
| 176|0x000000008b000000, 0x000000008b100000, 0x000000008b100000|100%| E|CS|TAMS 0x000000008b000000, 0x000000008b000000| Complete 
| 177|0x000000008b100000, 0x000000008b200000, 0x000000008b200000|100%| E|CS|TAMS 0x000000008b100000, 0x000000008b100000| Complete 
| 178|0x000000008b200000, 0x000000008b300000, 0x000000008b300000|100%| E|CS|TAMS 0x000000008b200000, 0x000000008b200000| Complete 
| 179|0x000000008b300000, 0x000000008b400000, 0x000000008b400000|100%| E|CS|TAMS 0x000000008b300000, 0x000000008b300000| Complete 
| 180|0x000000008b400000, 0x000000008b500000, 0x000000008b500000|100%| E|CS|TAMS 0x000000008b400000, 0x000000008b400000| Complete 
| 181|0x000000008b500000, 0x000000008b600000, 0x000000008b600000|100%| E|CS|TAMS 0x000000008b500000, 0x000000008b500000| Complete 
| 182|0x000000008b600000, 0x000000008b700000, 0x000000008b700000|100%| E|CS|TAMS 0x000000008b600000, 0x000000008b600000| Complete 
| 183|0x000000008b700000, 0x000000008b800000, 0x000000008b800000|100%| E|CS|TAMS 0x000000008b700000, 0x000000008b700000| Complete 
| 184|0x000000008b800000, 0x000000008b900000, 0x000000008b900000|100%| E|CS|TAMS 0x000000008b800000, 0x000000008b800000| Complete 
| 185|0x000000008b900000, 0x000000008ba00000, 0x000000008ba00000|100%| E|CS|TAMS 0x000000008b900000, 0x000000008b900000| Complete 
| 186|0x000000008ba00000, 0x000000008bb00000, 0x000000008bb00000|100%| E|CS|TAMS 0x000000008ba00000, 0x000000008ba00000| Complete 
| 187|0x000000008bb00000, 0x000000008bc00000, 0x000000008bc00000|100%| E|CS|TAMS 0x000000008bb00000, 0x000000008bb00000| Complete 
| 188|0x000000008bc00000, 0x000000008bd00000, 0x000000008bd00000|100%| E|CS|TAMS 0x000000008bc00000, 0x000000008bc00000| Complete 
| 189|0x000000008bd00000, 0x000000008be00000, 0x000000008be00000|100%| E|CS|TAMS 0x000000008bd00000, 0x000000008bd00000| Complete 

Card table byte_map: [0x00000232f27a0000,0x00000232f2ba0000] _byte_map_base: 0x00000232f23a0000

Marking Bits (Prev, Next): (CMBitMap*) 0x00000232ee066ef8, (CMBitMap*) 0x00000232ee066f30
 Prev Bits: [0x00000232f2fa0000, 0x00000232f4fa0000)
 Next Bits: [0x00000232f4fa0000, 0x00000232f6fa0000)

Polling page: 0x00000232ed800000

Metaspace:

Usage:
  Non-class:     70.67 MB capacity,    69.12 MB ( 98%) used,     1.33 MB (  2%) free+waste,   236.25 KB ( <1%) overhead. 
      Class:     10.76 MB capacity,     9.96 MB ( 93%) used,   716.38 KB (  7%) free+waste,   105.56 KB ( <1%) overhead. 
       Both:     81.44 MB capacity,    79.08 MB ( 97%) used,     2.03 MB (  2%) free+waste,   341.81 KB ( <1%) overhead. 

Virtual space:
  Non-class space:       72.00 MB reserved,      70.82 MB ( 98%) committed 
      Class space:        1.00 GB reserved,      10.86 MB (  1%) committed 
             Both:        1.07 GB reserved,      81.68 MB (  7%) committed 

Chunk freelists:
   Non-Class:  19.00 KB
       Class:  19.00 KB
        Both:  38.00 KB

MaxMetaspaceSize: 17179869184.00 GB
CompressedClassSpaceSize: 1.00 GB

CodeHeap 'non-profiled nmethods': size=119168Kb used=7744Kb max_used=7744Kb free=111423Kb
 bounds [0x0000023287ba0000, 0x0000023288340000, 0x000002328f000000]
CodeHeap 'profiled nmethods': size=119168Kb used=25914Kb max_used=25914Kb free=93253Kb
 bounds [0x0000023280740000, 0x0000023282090000, 0x0000023287ba0000]
CodeHeap 'non-nmethods': size=7424Kb used=3949Kb max_used=4035Kb free=3474Kb
 bounds [0x0000023280000000, 0x0000023280400000, 0x0000023280740000]
 total_blobs=12687 nmethods=11837 adapters=757
 compilation: enabled
              stopped_count=0, restarted_count=0
 full_count=0

Compilation events (20 events):
Event: 67.467 Thread 0x00000232fd579000 11841       4       org.gradle.internal.instantiation.generator.AsmBackedClassGenerator::getDisplayNameForNext (21 bytes)
Event: 67.472 Thread 0x00000232fd579000 nmethod 11841 0x0000023288324090 code [0x0000023288324260, 0x0000023288324578]
Event: 67.472 Thread 0x00000232fd579000 11781       4       org.gradle.internal.operations.DefaultBuildOperationExecutor$3::close (37 bytes)
Event: 67.475 Thread 0x0000023295575000 nmethod 11748 0x0000023288324810 code [0x0000023288324b60, 0x0000023288327880]
Event: 67.475 Thread 0x0000023295575000 11778       4       org.gradle.tooling.internal.provider.runner.ClientForwardingTestOperationListener::started (107 bytes)
Event: 67.477 Thread 0x0000023295575000 nmethod 11778 0x0000023288328e90 code [0x0000023288329040, 0x0000023288329178]
Event: 67.477 Thread 0x0000023295575000 11779       4       org.gradle.tooling.internal.provider.runner.BuildOperationParentTracker::started (26 bytes)
Event: 67.478 Thread 0x0000023295575000 nmethod 11779 0x0000023288329310 code [0x00000232883294c0, 0x00000232883295a8]
Event: 67.479 Thread 0x0000023295575000 11780       4       org.gradle.api.internal.tasks.compile.tooling.JavaCompileTaskSuccessResultPostProcessor::started (72 bytes)
Event: 67.485 Thread 0x0000023295575000 nmethod 11780 0x0000023288329710 code [0x00000232883298e0, 0x0000023288329c98]
Event: 67.485 Thread 0x0000023295575000 11751       4       java.util.concurrent.ThreadPoolExecutor::beforeExecute (1 bytes)
Event: 67.485 Thread 0x0000023295575000 nmethod 11751 0x000002328832e590 code [0x000002328832e720, 0x000002328832e778]
Event: 67.485 Thread 0x0000023295575000 11782       4       org.gradle.internal.operations.BuildOperationDescriptor::<init> (18 bytes)
Event: 67.485 Thread 0x0000023295576800 nmethod 11783 0x000002328832a090 code [0x000002328832a400, 0x000002328832c920]
Event: 67.488 Thread 0x00000232fd579000 nmethod 11781 0x000002328832e810 code [0x000002328832ea20, 0x000002328832f448]
Event: 67.491 Thread 0x0000023295575000 nmethod 11782 0x000002328832fb90 code [0x000002328832fd20, 0x0000023288330318]
Event: 67.517 Thread 0x00000232fa8fd000 11851       3       kotlin.reflect.jvm.internal.ReflectProperties::lazySoft (18 bytes)
Event: 67.517 Thread 0x00000232fa012000 11852       3       kotlin.reflect.jvm.internal.ReflectProperties$LazySoftVal::<init> (43 bytes)
Event: 67.517 Thread 0x00000232fa8fd000 nmethod 11851 0x000002328208b990 code [0x000002328208bb60, 0x000002328208bd58]
Event: 67.518 Thread 0x00000232fa012000 nmethod 11852 0x000002328208be90 code [0x000002328208c1a0, 0x000002328208d648]

GC Heap History (20 events):
Event: 3.894 GC heap before
{Heap before GC invocations=3 (full 0):
 garbage-first heap   total 194560K, used 49193K [0x0000000080000000, 0x0000000100000000)
  region size 1024K, 44 young (45056K), 11 survivors (11264K)
 Metaspace       used 24623K, capacity 25224K, committed 25344K, reserved 1071104K
  class space    used 3065K, capacity 3255K, committed 3328K, reserved 1048576K
}
Event: 3.900 GC heap after
{Heap after GC invocations=4 (full 0):
 garbage-first heap   total 194560K, used 17275K [0x0000000080000000, 0x0000000100000000)
  region size 1024K, 2 young (2048K), 2 survivors (2048K)
 Metaspace       used 24623K, capacity 25224K, committed 25344K, reserved 1071104K
  class space    used 3065K, capacity 3255K, committed 3328K, reserved 1048576K
}
Event: 4.889 GC heap before
{Heap before GC invocations=4 (full 0):
 garbage-first heap   total 194560K, used 78715K [0x0000000080000000, 0x0000000100000000)
  region size 1024K, 63 young (64512K), 2 survivors (2048K)
 Metaspace       used 34797K, capacity 35494K, committed 35628K, reserved 1081344K
  class space    used 4418K, capacity 4682K, committed 4736K, reserved 1048576K
}
Event: 4.897 GC heap after
{Heap after GC invocations=5 (full 0):
 garbage-first heap   total 194560K, used 21005K [0x0000000080000000, 0x0000000100000000)
  region size 1024K, 6 young (6144K), 6 survivors (6144K)
 Metaspace       used 34797K, capacity 35494K, committed 35628K, reserved 1081344K
  class space    used 4418K, capacity 4682K, committed 4736K, reserved 1048576K
}
Event: 6.012 GC heap before
{Heap before GC invocations=6 (full 0):
 garbage-first heap   total 194560K, used 111117K [0x0000000080000000, 0x0000000100000000)
  region size 1024K, 92 young (94208K), 6 survivors (6144K)
 Metaspace       used 42245K, capacity 43327K, committed 43564K, reserved 1087488K
  class space    used 5405K, capacity 5742K, committed 5760K, reserved 1048576K
}
Event: 6.019 GC heap after
{Heap after GC invocations=7 (full 0):
 garbage-first heap   total 194560K, used 26474K [0x0000000080000000, 0x0000000100000000)
  region size 1024K, 11 young (11264K), 11 survivors (11264K)
 Metaspace       used 42245K, capacity 43327K, committed 43564K, reserved 1087488K
  class space    used 5405K, capacity 5742K, committed 5760K, reserved 1048576K
}
Event: 7.426 GC heap before
{Heap before GC invocations=7 (full 0):
 garbage-first heap   total 194560K, used 122730K [0x0000000080000000, 0x0000000100000000)
  region size 1024K, 103 young (105472K), 11 survivors (11264K)
 Metaspace       used 51872K, capacity 53338K, committed 53676K, reserved 1095680K
  class space    used 6567K, capacity 7045K, committed 7168K, reserved 1048576K
}
Event: 7.435 GC heap after
{Heap after GC invocations=8 (full 0):
 garbage-first heap   total 194560K, used 37463K [0x0000000080000000, 0x0000000100000000)
  region size 1024K, 13 young (13312K), 13 survivors (13312K)
 Metaspace       used 51872K, capacity 53338K, committed 53676K, reserved 1095680K
  class space    used 6567K, capacity 7045K, committed 7168K, reserved 1048576K
}
Event: 8.102 GC heap before
{Heap before GC invocations=8 (full 0):
 garbage-first heap   total 194560K, used 95831K [0x0000000080000000, 0x0000000100000000)
  region size 1024K, 71 young (72704K), 13 survivors (13312K)
 Metaspace       used 58208K, capacity 59712K, committed 59808K, reserved 1101824K
  class space    used 7348K, capacity 7838K, committed 7924K, reserved 1048576K
}
Event: 8.116 GC heap after
{Heap after GC invocations=9 (full 0):
 garbage-first heap   total 194560K, used 43295K [0x0000000080000000, 0x0000000100000000)
  region size 1024K, 6 young (6144K), 6 survivors (6144K)
 Metaspace       used 58208K, capacity 59712K, committed 59808K, reserved 1101824K
  class space    used 7348K, capacity 7838K, committed 7924K, reserved 1048576K
}
Event: 9.124 GC heap before
{Heap before GC invocations=10 (full 0):
 garbage-first heap   total 194560K, used 124191K [0x0000000080000000, 0x0000000100000000)
  region size 1024K, 85 young (87040K), 6 survivors (6144K)
 Metaspace       used 66734K, capacity 68566K, committed 68792K, reserved 1110016K
  class space    used 8628K, capacity 9244K, committed 9332K, reserved 1048576K
}
Event: 9.139 GC heap after
{Heap after GC invocations=11 (full 0):
 garbage-first heap   total 194560K, used 48970K [0x0000000080000000, 0x0000000100000000)
  region size 1024K, 11 young (11264K), 11 survivors (11264K)
 Metaspace       used 66734K, capacity 68566K, committed 68792K, reserved 1110016K
  class space    used 8628K, capacity 9244K, committed 9332K, reserved 1048576K
}
Event: 10.152 GC heap before
{Heap before GC invocations=12 (full 0):
 garbage-first heap   total 194560K, used 129866K [0x0000000080000000, 0x0000000100000000)
  region size 1024K, 91 young (93184K), 11 survivors (11264K)
 Metaspace       used 73500K, capacity 75654K, committed 75832K, reserved 1114112K
  class space    used 9652K, capacity 10422K, committed 10484K, reserved 1048576K
}
Event: 10.161 GC heap after
{Heap after GC invocations=13 (full 0):
 garbage-first heap   total 194560K, used 54769K [0x0000000080000000, 0x0000000100000000)
  region size 1024K, 7 young (7168K), 7 survivors (7168K)
 Metaspace       used 73500K, capacity 75654K, committed 75832K, reserved 1114112K
  class space    used 9652K, capacity 10422K, committed 10484K, reserved 1048576K
}
Event: 10.882 GC heap before
{Heap before GC invocations=13 (full 0):
 garbage-first heap   total 194560K, used 135665K [0x0000000080000000, 0x0000000100000000)
  region size 1024K, 87 young (89088K), 7 survivors (7168K)
 Metaspace       used 74719K, capacity 76956K, committed 77240K, reserved 1116160K
  class space    used 9722K, capacity 10496K, committed 10612K, reserved 1048576K
}
Event: 10.888 GC heap after
{Heap after GC invocations=14 (full 0):
 garbage-first heap   total 194560K, used 60119K [0x0000000080000000, 0x0000000100000000)
  region size 1024K, 11 young (11264K), 11 survivors (11264K)
 Metaspace       used 74719K, capacity 76956K, committed 77240K, reserved 1116160K
  class space    used 9722K, capacity 10496K, committed 10612K, reserved 1048576K
}
Event: 47.316 GC heap before
{Heap before GC invocations=14 (full 0):
 garbage-first heap   total 194560K, used 142039K [0x0000000080000000, 0x0000000100000000)
  region size 1024K, 92 young (94208K), 11 survivors (11264K)
 Metaspace       used 78932K, capacity 81267K, committed 81592K, reserved 1120256K
  class space    used 9983K, capacity 10762K, committed 10868K, reserved 1048576K
}
Event: 47.325 GC heap after
{Heap after GC invocations=15 (full 0):
 garbage-first heap   total 194560K, used 65335K [0x0000000080000000, 0x0000000100000000)
  region size 1024K, 12 young (12288K), 12 survivors (12288K)
 Metaspace       used 78932K, capacity 81267K, committed 81592K, reserved 1120256K
  class space    used 9983K, capacity 10762K, committed 10868K, reserved 1048576K
}
Event: 66.861 GC heap before
{Heap before GC invocations=15 (full 0):
 garbage-first heap   total 194560K, used 145207K [0x0000000080000000, 0x0000000100000000)
  region size 1024K, 91 young (93184K), 12 survivors (12288K)
 Metaspace       used 79495K, capacity 81828K, committed 82104K, reserved 1120256K
  class space    used 9995K, capacity 10779K, committed 10868K, reserved 1048576K
}
Event: 66.868 GC heap after
{Heap after GC invocations=16 (full 0):
 garbage-first heap   total 194560K, used 64887K [0x0000000080000000, 0x0000000100000000)
  region size 1024K, 6 young (6144K), 6 survivors (6144K)
 Metaspace       used 79495K, capacity 81828K, committed 82104K, reserved 1120256K
  class space    used 9995K, capacity 10779K, committed 10868K, reserved 1048576K
}

Deoptimization events (20 events):
Event: 67.100 Thread 0x0000023295577000 Uncommon trap: trap_request=0xffffff7e fr.pc=0x00000232882e2970 relative=0x00000000000003b0
Event: 67.100 Thread 0x000002329557a800 Uncommon trap: trap_request=0xffffff7e fr.pc=0x00000232882e2970 relative=0x00000000000003b0
Event: 67.100 Thread 0x00000232fd571000 Uncommon trap: trap_request=0xffffff7e fr.pc=0x00000232882e2970 relative=0x00000000000003b0
Event: 67.100 Thread 0x000002329557a800 Uncommon trap: reason=predicate action=maybe_recompile pc=0x00000232882e2970 method=java.util.AbstractCollection.toArray([Ljava/lang/Object;)[Ljava/lang/Object; @ 43 c2
Event: 67.100 Thread 0x00000232fd571000 Uncommon trap: reason=predicate action=maybe_recompile pc=0x00000232882e2970 method=java.util.AbstractCollection.toArray([Ljava/lang/Object;)[Ljava/lang/Object; @ 43 c2
Event: 67.100 Thread 0x0000023295577000 Uncommon trap: reason=predicate action=maybe_recompile pc=0x00000232882e2970 method=java.util.AbstractCollection.toArray([Ljava/lang/Object;)[Ljava/lang/Object; @ 43 c2
Event: 67.100 Thread 0x000002329557a800 DEOPT PACKING pc=0x00000232882e2970 sp=0x000000dc1ccfbca0
Event: 67.100 Thread 0x00000232fd571000 DEOPT PACKING pc=0x00000232882e2970 sp=0x000000dc1d0fc610
Event: 67.100 Thread 0x0000023295577000 DEOPT PACKING pc=0x00000232882e2970 sp=0x000000dc1cafbda0
Event: 67.100 Thread 0x000002329557a800 DEOPT UNPACKING pc=0x00000232800278af sp=0x000000dc1ccfbc38 mode 2
Event: 67.100 Thread 0x0000023295577000 DEOPT UNPACKING pc=0x00000232800278af sp=0x000000dc1cafbd38 mode 2
Event: 67.100 Thread 0x00000232fd571000 DEOPT UNPACKING pc=0x00000232800278af sp=0x000000dc1d0fc5a8 mode 2
Event: 67.172 Thread 0x0000023292c71000 Uncommon trap: trap_request=0xffffffbe fr.pc=0x00000232882d9008 relative=0x00000000000043c8
Event: 67.172 Thread 0x0000023292c71000 Uncommon trap: reason=profile_predicate action=maybe_recompile pc=0x00000232882d9008 method=org.gradle.api.internal.attributes.DefaultImmutableAttributesFactory.doConcatIsolatable(Lorg/gradle/api/internal/attributes/ImmutableAttributes;Lorg/gradle/api/att
Event: 67.172 Thread 0x0000023292c71000 DEOPT PACKING pc=0x00000232882d9008 sp=0x000000dc248fc080
Event: 67.172 Thread 0x0000023292c71000 DEOPT UNPACKING pc=0x00000232800278af sp=0x000000dc248fc0b8 mode 2
Event: 67.431 Thread 0x0000023292c73800 Uncommon trap: trap_request=0xffffffd6 fr.pc=0x00000232880b3968 relative=0x00000000000007a8
Event: 67.431 Thread 0x0000023292c73800 Uncommon trap: reason=array_check action=maybe_recompile pc=0x00000232880b3968 method=java.util.TimSort.binarySort([Ljava/lang/Object;IIILjava/util/Comparator;)V @ 193 c2
Event: 67.431 Thread 0x0000023292c73800 DEOPT PACKING pc=0x00000232880b3968 sp=0x000000dc244facd0
Event: 67.431 Thread 0x0000023292c73800 DEOPT UNPACKING pc=0x00000232800278af sp=0x000000dc244fac78 mode 2

Classes redefined (0 events):
No events

Internal exceptions (20 events):
Event: 10.687 Thread 0x0000023295571800 Exception <a 'sun/nio/fs/WindowsException'{0x0000000088226518}> (0x0000000088226518) thrown at [./src/hotspot/share/prims/jni.cpp, line 615]
Event: 10.687 Thread 0x0000023295571800 Exception <a 'sun/nio/fs/WindowsException'{0x0000000088228240}> (0x0000000088228240) thrown at [./src/hotspot/share/prims/jni.cpp, line 615]
Event: 10.688 Thread 0x0000023295571800 Exception <a 'sun/nio/fs/WindowsException'{0x0000000088228c10}> (0x0000000088228c10) thrown at [./src/hotspot/share/prims/jni.cpp, line 615]
Event: 10.688 Thread 0x0000023295571800 Exception <a 'java/lang/NoSuchMethodError'{0x000000008822d668}: 'void java.lang.invoke.DirectMethodHandle$Holder.invokeStatic(java.lang.Object, java.lang.Object, java.lang.Object, java.lang.Object, int, java.lang.Object)'> (0x000000008822d668) thrown at [./src/hotspot/share/interpreter/linkResolver.cpp, line 773]
Event: 10.796 Thread 0x000002329556d800 Exception <a 'sun/nio/fs/WindowsException'{0x000000008775a728}> (0x000000008775a728) thrown at [./src/hotspot/share/prims/jni.cpp, line 615]
Event: 10.796 Thread 0x000002329556d800 Exception <a 'sun/nio/fs/WindowsException'{0x000000008775b0d0}> (0x000000008775b0d0) thrown at [./src/hotspot/share/prims/jni.cpp, line 615]
Event: 10.943 Thread 0x00000232fd57a800 Implicit null exception at 0x00000232880b076d to 0x00000232880b0acc
Event: 46.868 Thread 0x00000232fc419000 Exception <a 'sun/nio/fs/WindowsException'{0x00000000881e71a0}> (0x00000000881e71a0) thrown at [./src/hotspot/share/prims/jni.cpp, line 615]
Event: 47.114 Thread 0x00000232fd56f000 Implicit null exception at 0x000002328818d354 to 0x000002328818db24
Event: 47.123 Thread 0x00000232fd573800 Implicit null exception at 0x000002328818bf52 to 0x000002328818c358
Event: 47.865 Thread 0x00000232fbfe0800 Exception <a 'sun/nio/fs/WindowsException'{0x0000000089fc4248}> (0x0000000089fc4248) thrown at [./src/hotspot/share/prims/jni.cpp, line 615]
Event: 47.865 Thread 0x00000232fbfe0800 Exception <a 'sun/nio/fs/WindowsException'{0x0000000089fc4eb8}> (0x0000000089fc4eb8) thrown at [./src/hotspot/share/prims/jni.cpp, line 615]
Event: 48.183 Thread 0x00000232fd577800 Exception <a 'sun/nio/fs/WindowsException'{0x0000000088770510}> (0x0000000088770510) thrown at [./src/hotspot/share/prims/jni.cpp, line 615]
Event: 48.183 Thread 0x00000232fd577800 Exception <a 'sun/nio/fs/WindowsException'{0x0000000088770e88}> (0x0000000088770e88) thrown at [./src/hotspot/share/prims/jni.cpp, line 615]
Event: 48.184 Thread 0x00000232fd577800 Exception <a 'sun/nio/fs/WindowsException'{0x00000000887743f8}> (0x00000000887743f8) thrown at [./src/hotspot/share/prims/jni.cpp, line 615]
Event: 48.184 Thread 0x00000232fd577800 Exception <a 'sun/nio/fs/WindowsException'{0x0000000088775018}> (0x0000000088775018) thrown at [./src/hotspot/share/prims/jni.cpp, line 615]
Event: 48.185 Thread 0x00000232fd577800 Exception <a 'sun/nio/fs/WindowsException'{0x0000000088776a10}> (0x0000000088776a10) thrown at [./src/hotspot/share/prims/jni.cpp, line 615]
Event: 48.185 Thread 0x00000232fd577800 Exception <a 'sun/nio/fs/WindowsException'{0x00000000887773e0}> (0x00000000887773e0) thrown at [./src/hotspot/share/prims/jni.cpp, line 615]
Event: 66.775 Thread 0x00000232fc419000 Exception <a 'sun/nio/fs/WindowsException'{0x00000000872582d0}> (0x00000000872582d0) thrown at [./src/hotspot/share/prims/jni.cpp, line 615]
Event: 67.414 Thread 0x0000023292c73800 Exception <a 'java/lang/NoSuchMethodError'{0x0000000089cac0b8}: 'void java.lang.invoke.DirectMethodHandle$Holder.invokeVirtual(java.lang.Object, java.lang.Object)'> (0x0000000089cac0b8) thrown at [./src/hotspot/share/interpreter/linkResolver.cpp, line 773]

Events (20 events):
Event: 67.520 loading class kotlin/reflect/jvm/internal/impl/load/java/JavaClassesTracker
Event: 67.520 loading class kotlin/reflect/jvm/internal/impl/load/java/JavaClassesTracker done
Event: 67.521 loading class kotlin/reflect/jvm/internal/impl/load/java/lazy/JavaResolverSettings$Default
Event: 67.521 loading class kotlin/reflect/jvm/internal/impl/load/java/lazy/JavaResolverSettings$Default done
Event: 67.521 loading class kotlin/reflect/jvm/internal/impl/load/java/lazy/JavaResolverSettings
Event: 67.521 loading class kotlin/reflect/jvm/internal/impl/load/java/lazy/JavaResolverSettings done
Event: 67.521 loading class kotlin/reflect/jvm/internal/impl/types/checker/NewKotlinTypeChecker
Event: 67.521 loading class kotlin/reflect/jvm/internal/impl/types/checker/NewKotlinTypeChecker done
Event: 67.521 loading class kotlin/reflect/jvm/internal/impl/types/checker/KotlinTypeChecker
Event: 67.521 loading class kotlin/reflect/jvm/internal/impl/types/checker/KotlinTypeChecker done
Event: 67.522 loading class kotlin/reflect/jvm/internal/impl/types/checker/NewKotlinTypeChecker$Companion
Event: 67.522 loading class kotlin/reflect/jvm/internal/impl/types/checker/NewKotlinTypeChecker$Companion done
Event: 67.522 loading class kotlin/reflect/jvm/internal/impl/types/checker/NewKotlinTypeCheckerImpl
Event: 67.522 loading class kotlin/reflect/jvm/internal/impl/types/checker/NewKotlinTypeCheckerImpl done
Event: 67.523 loading class kotlin/reflect/jvm/internal/impl/types/checker/KotlinTypeRefiner$Default
Event: 67.523 loading class kotlin/reflect/jvm/internal/impl/types/checker/KotlinTypeRefiner$Default done
Event: 67.524 loading class kotlin/reflect/jvm/internal/impl/types/checker/KotlinTypeRefiner
Event: 67.524 loading class kotlin/reflect/jvm/internal/impl/types/checker/KotlinTypeRefiner done
Event: 67.524 loading class kotlin/reflect/jvm/internal/impl/resolve/OverridingUtil
Event: 67.524 loading class kotlin/reflect/jvm/internal/impl/resolve/OverridingUtil done


Dynamic libraries:
0x00007ff7796b0000 - 0x00007ff7796ba000 	C:\Program Files\Android\Android Studio\jre\bin\java.exe
0x00007ffe4cd10000 - 0x00007ffe4cf05000 	C:\WINDOWS\SYSTEM32\ntdll.dll
0x00007ffe4c920000 - 0x00007ffe4c9de000 	C:\WINDOWS\System32\KERNEL32.DLL
0x00007ffe4a9b0000 - 0x00007ffe4ac79000 	C:\WINDOWS\System32\KERNELBASE.dll
0x00007ffe475f0000 - 0x00007ffe47680000 	C:\WINDOWS\SYSTEM32\apphelp.dll
0x00007ffe4a8b0000 - 0x00007ffe4a9b0000 	C:\WINDOWS\System32\ucrtbase.dll
0x00007ffe2b0b0000 - 0x00007ffe2b0c7000 	C:\Program Files\Android\Android Studio\jre\bin\VCRUNTIME140.dll
0x00007ffe1bfc0000 - 0x00007ffe1bfd9000 	C:\Program Files\Android\Android Studio\jre\bin\jli.dll
0x00007ffe4bf50000 - 0x00007ffe4c0f1000 	C:\WINDOWS\System32\USER32.dll
0x00007ffe4ad30000 - 0x00007ffe4ad52000 	C:\WINDOWS\System32\win32u.dll
0x00007ffe351b0000 - 0x00007ffe3544a000 	C:\WINDOWS\WinSxS\amd64_microsoft.windows.common-controls_6595b64144ccf1df_6.0.19041.1110_none_60b5254171f9507e\COMCTL32.dll
0x00007ffe4b2a0000 - 0x00007ffe4b2cb000 	C:\WINDOWS\System32\GDI32.dll
0x00007ffe4c7e0000 - 0x00007ffe4c87e000 	C:\WINDOWS\System32\msvcrt.dll
0x00007ffe4a7a0000 - 0x00007ffe4a8ab000 	C:\WINDOWS\System32\gdi32full.dll
0x00007ffe4a590000 - 0x00007ffe4a62d000 	C:\WINDOWS\System32\msvcp_win.dll
0x00007ffe4af10000 - 0x00007ffe4af40000 	C:\WINDOWS\System32\IMM32.DLL
0x00007ffe11de0000 - 0x00007ffe11e7d000 	C:\Program Files\Android\Android Studio\jre\bin\msvcp140.dll
0x00007ffdcbfb0000 - 0x00007ffdcca7f000 	C:\Program Files\Android\Android Studio\jre\bin\server\jvm.dll
0x00007ffe4cc20000 - 0x00007ffe4cccc000 	C:\WINDOWS\System32\ADVAPI32.dll
0x00007ffe4c880000 - 0x00007ffe4c91b000 	C:\WINDOWS\System32\sechost.dll
0x00007ffe4afc0000 - 0x00007ffe4b0ea000 	C:\WINDOWS\System32\RPCRT4.dll
0x00007ffe4bf40000 - 0x00007ffe4bf48000 	C:\WINDOWS\System32\PSAPI.DLL
0x00007ffe40dc0000 - 0x00007ffe40de7000 	C:\WINDOWS\SYSTEM32\WINMM.dll
0x00007ffe41730000 - 0x00007ffe4173a000 	C:\WINDOWS\SYSTEM32\VERSION.dll
0x00007ffe2a730000 - 0x00007ffe2a739000 	C:\WINDOWS\SYSTEM32\WSOCK32.dll
0x00007ffe4ba10000 - 0x00007ffe4ba7b000 	C:\WINDOWS\System32\WS2_32.dll
0x00007ffe48ce0000 - 0x00007ffe48cf2000 	C:\WINDOWS\SYSTEM32\kernel.appcore.dll
0x00007ffe33df0000 - 0x00007ffe33e01000 	C:\Program Files\Android\Android Studio\jre\bin\verify.dll
0x00007ffe48240000 - 0x00007ffe48424000 	C:\WINDOWS\SYSTEM32\DBGHELP.DLL
0x00007ffe3b890000 - 0x00007ffe3b8bc000 	C:\WINDOWS\SYSTEM32\dbgcore.DLL
0x00007ffe4a710000 - 0x00007ffe4a793000 	C:\WINDOWS\System32\bcryptPrimitives.dll
0x00007ffe1bfe0000 - 0x00007ffe1c009000 	C:\Program Files\Android\Android Studio\jre\bin\java.dll
0x00007ffe43c00000 - 0x00007ffe43c0b000 	C:\Program Files\Android\Android Studio\jre\bin\jimage.dll
0x00007ffe2b460000 - 0x00007ffe2b478000 	C:\Program Files\Android\Android Studio\jre\bin\zip.dll
0x00007ffe4b2d0000 - 0x00007ffe4ba0f000 	C:\WINDOWS\System32\SHELL32.dll
0x00007ffe48430000 - 0x00007ffe48bc0000 	C:\WINDOWS\SYSTEM32\windows.storage.dll
0x00007ffe4bbe0000 - 0x00007ffe4bf35000 	C:\WINDOWS\System32\combase.dll
0x00007ffe49db0000 - 0x00007ffe49ddc000 	C:\WINDOWS\SYSTEM32\Wldp.dll
0x00007ffe4bb30000 - 0x00007ffe4bbdd000 	C:\WINDOWS\System32\SHCORE.dll
0x00007ffe4b240000 - 0x00007ffe4b295000 	C:\WINDOWS\System32\shlwapi.dll
0x00007ffe4a370000 - 0x00007ffe4a38f000 	C:\WINDOWS\SYSTEM32\profapi.dll
0x00007ffe257b0000 - 0x00007ffe257ca000 	C:\Program Files\Android\Android Studio\jre\bin\net.dll
0x00007ffe3dec0000 - 0x00007ffe3dfc8000 	C:\WINDOWS\SYSTEM32\WINHTTP.dll
0x00007ffe49b10000 - 0x00007ffe49b7a000 	C:\WINDOWS\system32\mswsock.dll
0x00007ffe1e5c0000 - 0x00007ffe1e5d4000 	C:\Program Files\Android\Android Studio\jre\bin\nio.dll
0x00007ffe3e170000 - 0x00007ffe3e197000 	D:\Android\androidGradle\native\f6784746aeab05261644944871eae4fe03e0ef1612fff0a4a95f87b438bc6780\windows-amd64\native-platform.dll
0x00007ffe42760000 - 0x00007ffe4276a000 	C:\Program Files\Android\Android Studio\jre\bin\management.dll
0x00007ffe330e0000 - 0x00007ffe330ec000 	C:\Program Files\Android\Android Studio\jre\bin\management_ext.dll
0x00007ffe49d00000 - 0x00007ffe49d18000 	C:\WINDOWS\SYSTEM32\CRYPTSP.dll
0x00007ffe49490000 - 0x00007ffe494c4000 	C:\WINDOWS\system32\rsaenh.dll
0x00007ffe4a690000 - 0x00007ffe4a6b7000 	C:\WINDOWS\System32\bcrypt.dll
0x00007ffe4a330000 - 0x00007ffe4a35e000 	C:\WINDOWS\SYSTEM32\USERENV.dll
0x00007ffe49d20000 - 0x00007ffe49d2c000 	C:\WINDOWS\SYSTEM32\CRYPTBASE.dll
0x00007ffe49800000 - 0x00007ffe4983b000 	C:\WINDOWS\SYSTEM32\IPHLPAPI.DLL
0x00007ffe4b0f0000 - 0x00007ffe4b0f8000 	C:\WINDOWS\System32\NSI.dll
0x00007ffe3ed50000 - 0x00007ffe3ed67000 	C:\WINDOWS\SYSTEM32\dhcpcsvc6.DLL
0x00007ffe417f0000 - 0x00007ffe4180d000 	C:\WINDOWS\SYSTEM32\dhcpcsvc.DLL
0x00007ffe49840000 - 0x00007ffe4990c000 	C:\WINDOWS\SYSTEM32\DNSAPI.dll
0x00007ffe42a90000 - 0x00007ffe42a9b000 	C:\WINDOWS\SYSTEM32\WINNSI.DLL

dbghelp: loaded successfully - version: 4.0.5 - missing functions: none
symbol engine: initialized successfully - sym options: 0x614 - pdb path: .;C:\Program Files\Android\Android Studio\jre\bin;C:\WINDOWS\SYSTEM32;C:\WINDOWS\WinSxS\amd64_microsoft.windows.common-controls_6595b64144ccf1df_6.0.19041.1110_none_60b5254171f9507e;C:\Program Files\Android\Android Studio\jre\bin\server;D:\Android\androidGradle\native\f6784746aeab05261644944871eae4fe03e0ef1612fff0a4a95f87b438bc6780\windows-amd64

VM Arguments:
jvm_args: --add-opens=java.base/java.util=ALL-UNNAMED --add-opens=java.base/java.lang=ALL-UNNAMED --add-opens=java.base/java.lang.invoke=ALL-UNNAMED --add-opens=java.prefs/java.util.prefs=ALL-UNNAMED -Xmx2048m -Dfile.encoding=UTF-8 -Duser.country=CN -Duser.language=zh -Duser.variant 
java_command: org.gradle.launcher.daemon.bootstrap.GradleDaemon 6.5
java_class_path (initial): D:\Android\androidGradle\wrapper\dists\gradle-6.5-bin\6nifqtx7604sqp1q6g8wikw7p\gradle-6.5\lib\gradle-launcher-6.5.jar
Launcher Type: SUN_STANDARD

[Global flags]
     intx CICompilerCount                          = 12                                        {product} {ergonomic}
     uint ConcGCThreads                            = 3                                         {product} {ergonomic}
     uint G1ConcRefinementThreads                  = 13                                        {product} {ergonomic}
   size_t G1HeapRegionSize                         = 1048576                                   {product} {ergonomic}
    uintx GCDrainStackTargetSize                   = 64                                        {product} {ergonomic}
   size_t InitialHeapSize                          = 199229440                                 {product} {ergonomic}
   size_t MarkStackSize                            = 4194304                                   {product} {ergonomic}
   size_t MaxHeapSize                              = 2147483648                                {product} {command line}
   size_t MaxNewSize                               = 1287651328                                {product} {ergonomic}
   size_t MinHeapDeltaBytes                        = 1048576                                   {product} {ergonomic}
    uintx NonNMethodCodeHeapSize                   = 7594288                                {pd product} {ergonomic}
    uintx NonProfiledCodeHeapSize                  = 122031976                              {pd product} {ergonomic}
    uintx ProfiledCodeHeapSize                     = 122031976                              {pd product} {ergonomic}
    uintx ReservedCodeCacheSize                    = 251658240                              {pd product} {ergonomic}
     bool SegmentedCodeCache                       = true                                      {product} {ergonomic}
     bool UseCompressedClassPointers               = true                                 {lp64_product} {ergonomic}
     bool UseCompressedOops                        = true                                 {lp64_product} {ergonomic}
     bool UseG1GC                                  = true                                      {product} {ergonomic}
     bool UseLargePagesIndividualAllocation        = false                                  {pd product} {ergonomic}

Logging:
Log output configuration:
 #0: stdout all=warning uptime,level,tags
 #1: stderr all=off uptime,level,tags

Environment Variables:
JAVA_HOME=C:\Program Files\Java\jdk1.8.0_291
PATH=C:\Program Files (x86)\Common Files\Oracle\Java\javapath;C:\WINDOWS\system32;C:\WINDOWS;C:\WINDOWS\System32\Wbem;C:\WINDOWS\System32\WindowsPowerShell\v1.0\;C:\WINDOWS\System32\OpenSSH\;C:\Program Files (x86)\dotnet\;C:\Program Files\dotnet\;C:\Program Files\Microsoft SQL Server\130\Tools\Binn\;C:\Program Files\Microsoft SQL Server\Client SDK\ODBC\170\Tools\Binn\;C:\Program Files\Java\jdk1.8.0_291\bin;C:\Program Files\Java\jdk1.8.0_291\jre\bin;D:\Git\cmd;C:\Users\刘博\AppData\Local\Programs\Python\Python39\Scripts\;C:\Users\刘博\AppData\Local\Programs\Python\Python39\;C:\Users\刘博\AppData\Local\Microsoft\WindowsApps;C:\Users\刘博\.dotnet\tools;D:\Microsoft VS Code\bin;C:\Users\刘博\AppData\Local\GitHubDesktop\bin;D:\Bandizip\
USERNAME=刘博
OS=Windows_NT
PROCESSOR_IDENTIFIER=AMD64 Family 23 Model 96 Stepping 1, AuthenticAMD



---------------  S Y S T E M  ---------------

OS: Windows 10 , 64 bit Build 19041 (10.0.19041.1202)
OS uptime: 0 days 0:17 hours

CPU:total 16 (initial active 16) (16 cores per cpu, 2 threads per core) family 23 model 96 stepping 1 microcode 0x0, cmov, cx8, fxsr, mmx, sse, sse2, sse3, ssse3, sse4.1, sse4.2, popcnt, avx, avx2, aes, clmul, mmxext, 3dnowpref, lzcnt, sse4a, ht, tsc, tscinvbit, tscinv, bmi1, bmi2, adx, 

Memory: 4k page, system-wide physical 12150M (1468M free)
TotalPageFile size 14661M (AvailPageFile size 7M)
current process WorkingSet (physical memory assigned to process): 458M, peak: 468M
current process commit charge ("private bytes"): 527M, peak: 539M

vm_info: OpenJDK 64-Bit Server VM (11.0.10+0-b96-7249189) for windows-amd64 JRE (11.0.10+0-b96-7249189), built on Mar 31 2021 21:44:00 by "builder" with MS VC++ 14.0 (VS2015)

END.
